2023-07-06 00:31:13,860 [main] INFO  lk.ijse.dep10.pos.AppInitializer - Starting AppInitializer using Java 11.0.16.1 on nuwan-X556UQK with PID 6721 (/home/nuwan/Documents/DEP-10/Phase-3/architecture-series/monolithic-archiecture/back-end/target/classes started by nuwan in /home/nuwan/Documents/DEP-10/Phase-3/architecture-series/monolithic-archiecture/back-end) 
2023-07-06 00:31:13,870 [main] DEBUG lk.ijse.dep10.pos.AppInitializer - Running with Spring Boot v2.7.13, Spring v5.3.28 
2023-07-06 00:31:13,871 [main] INFO  lk.ijse.dep10.pos.AppInitializer - No active profile set, falling back to 1 default profile: "default" 
2023-07-06 00:31:13,872 [background-preinit] INFO  o.h.validator.internal.util.Version - HV000001: Hibernate Validator 6.2.5.Final 
2023-07-06 00:31:15,257 [main] INFO  o.s.b.w.e.tomcat.TomcatWebServer - Tomcat initialized with port(s): 8080 (http) 
2023-07-06 00:31:15,265 [main] INFO  o.a.coyote.http11.Http11NioProtocol - Initializing ProtocolHandler ["http-nio-8080"] 
2023-07-06 00:31:15,266 [main] INFO  o.a.catalina.core.StandardService - Starting service [Tomcat] 
2023-07-06 00:31:15,266 [main] INFO  o.a.catalina.core.StandardEngine - Starting Servlet engine: [Apache Tomcat/9.0.76] 
2023-07-06 00:31:15,345 [main] INFO  o.a.c.c.C.[.[localhost].[/pos] - Initializing Spring embedded WebApplicationContext 
2023-07-06 00:31:15,345 [main] INFO  o.s.b.w.s.c.ServletWebServerApplicationContext - Root WebApplicationContext: initialization completed in 1409 ms 
2023-07-06 00:31:15,776 [main] INFO  com.zaxxer.hikari.HikariDataSource - HikariPool-1 - Starting... 
2023-07-06 00:31:16,174 [main] INFO  com.zaxxer.hikari.HikariDataSource - HikariPool-1 - Start completed. 
2023-07-06 00:31:16,609 [main] INFO  o.a.coyote.http11.Http11NioProtocol - Starting ProtocolHandler ["http-nio-8080"] 
2023-07-06 00:31:16,621 [main] INFO  o.s.b.w.e.tomcat.TomcatWebServer - Tomcat started on port(s): 8080 (http) with context path '/pos' 
2023-07-06 00:31:16,633 [main] INFO  lk.ijse.dep10.pos.AppInitializer - Started AppInitializer in 3.376 seconds (JVM running for 4.826) 
2023-07-06 00:32:02,159 [http-nio-8080-exec-1] INFO  o.a.c.c.C.[.[localhost].[/pos] - Initializing Spring DispatcherServlet 'dispatcherServlet' 
2023-07-06 00:32:02,159 [http-nio-8080-exec-1] INFO  o.s.web.servlet.DispatcherServlet - Initializing Servlet 'dispatcherServlet' 
2023-07-06 00:32:02,160 [http-nio-8080-exec-1] INFO  o.s.web.servlet.DispatcherServlet - Completed initialization in 1 ms 
2023-07-06 00:32:02,212 [http-nio-8080-exec-4] DEBUG lk.ijse.dep10.pos.JdbcConfig$1 - Executing SQL query [SELECT COUNT(*) FROM `order`] 
2023-07-06 00:32:02,228 [http-nio-8080-exec-2] DEBUG lk.ijse.dep10.pos.JdbcConfig$1 - Executing prepared SQL query 
2023-07-06 00:32:02,229 [http-nio-8080-exec-2] DEBUG lk.ijse.dep10.pos.JdbcConfig$1 - Executing prepared SQL statement [SELECT CONCAT('OD', LPAD(o.id, 3, 0))          as id,        o.datetime,        CONCAT('C', LPAD(oc.customer_id, 3, 0)) as customer_id,        c.name,        SUM(od.qty * od.unit_price)             as total FROM `order` o          LEFT OUTER JOIN order_customer oc ON o.id = oc.order_id          LEFT OUTER JOIN customer c ON oc.customer_id = c.id          INNER JOIN order_detail od ON o.id = od.order_id WHERE CONCAT('OD', LPAD(o.id, 3, 0)) LIKE ?    OR o.datetime LIKE ?    OR CONCAT('C', LPAD(oc.customer_id, 3, 0)) LIKE ?    OR c.name LIKE ? GROUP BY o.id;] 
2023-07-06 00:32:02,238 [http-nio-8080-exec-3] DEBUG lk.ijse.dep10.pos.JdbcConfig$1 - Executing SQL query [SELECT COUNT(*) FROM item] 
2023-07-06 00:32:02,251 [http-nio-8080-exec-1] DEBUG lk.ijse.dep10.pos.JdbcConfig$1 - Executing SQL query [SELECT COUNT(*) FROM customer] 
2023-07-06 00:32:09,118 [http-nio-8080-exec-5] DEBUG lk.ijse.dep10.pos.JdbcConfig$1 - Executing prepared SQL query 
2023-07-06 00:32:09,119 [http-nio-8080-exec-5] DEBUG lk.ijse.dep10.pos.JdbcConfig$1 - Executing prepared SQL statement [SELECT * FROM customer WHERE id LIKE ? OR name LIKE ? OR address LIKE ? OR contact LIKE ?] 
2023-07-06 00:32:10,570 [http-nio-8080-exec-6] DEBUG lk.ijse.dep10.pos.JdbcConfig$1 - Executing prepared SQL query 
2023-07-06 00:32:10,571 [http-nio-8080-exec-6] DEBUG lk.ijse.dep10.pos.JdbcConfig$1 - Executing prepared SQL statement [SELECT * FROM item WHERE code LIKE ? OR description LIKE ?] 
2023-07-06 00:32:13,777 [http-nio-8080-exec-8] DEBUG lk.ijse.dep10.pos.JdbcConfig$1 - Executing SQL query [SELECT COUNT(*) FROM customer] 
2023-07-06 00:32:13,781 [http-nio-8080-exec-10] DEBUG lk.ijse.dep10.pos.JdbcConfig$1 - Executing SQL query [SELECT COUNT(*) FROM `order`] 
2023-07-06 00:32:13,781 [http-nio-8080-exec-1] DEBUG lk.ijse.dep10.pos.JdbcConfig$1 - Executing prepared SQL query 
2023-07-06 00:32:13,782 [http-nio-8080-exec-9] DEBUG lk.ijse.dep10.pos.JdbcConfig$1 - Executing SQL query [SELECT COUNT(*) FROM item] 
2023-07-06 00:32:13,782 [http-nio-8080-exec-1] DEBUG lk.ijse.dep10.pos.JdbcConfig$1 - Executing prepared SQL statement [SELECT CONCAT('OD', LPAD(o.id, 3, 0))          as id,        o.datetime,        CONCAT('C', LPAD(oc.customer_id, 3, 0)) as customer_id,        c.name,        SUM(od.qty * od.unit_price)             as total FROM `order` o          LEFT OUTER JOIN order_customer oc ON o.id = oc.order_id          LEFT OUTER JOIN customer c ON oc.customer_id = c.id          INNER JOIN order_detail od ON o.id = od.order_id WHERE CONCAT('OD', LPAD(o.id, 3, 0)) LIKE ?    OR o.datetime LIKE ?    OR CONCAT('C', LPAD(oc.customer_id, 3, 0)) LIKE ?    OR c.name LIKE ? GROUP BY o.id;] 
2023-07-06 00:46:13,028 [http-nio-8080-exec-6] DEBUG lk.ijse.dep10.pos.JdbcConfig$1 - Executing SQL query [SELECT COUNT(*) FROM customer] 
2023-07-06 00:46:13,029 [http-nio-8080-exec-7] DEBUG lk.ijse.dep10.pos.JdbcConfig$1 - Executing SQL query [SELECT COUNT(*) FROM item] 
2023-07-06 00:46:13,029 [http-nio-8080-exec-10] DEBUG lk.ijse.dep10.pos.JdbcConfig$1 - Executing SQL query [SELECT COUNT(*) FROM `order`] 
2023-07-06 00:46:13,043 [http-nio-8080-exec-1] DEBUG lk.ijse.dep10.pos.JdbcConfig$1 - Executing prepared SQL query 
2023-07-06 00:46:13,043 [http-nio-8080-exec-1] DEBUG lk.ijse.dep10.pos.JdbcConfig$1 - Executing prepared SQL statement [SELECT CONCAT('OD', LPAD(o.id, 3, 0))          as id,        o.datetime,        CONCAT('C', LPAD(oc.customer_id, 3, 0)) as customer_id,        c.name,        SUM(od.qty * od.unit_price)             as total FROM `order` o          LEFT OUTER JOIN order_customer oc ON o.id = oc.order_id          LEFT OUTER JOIN customer c ON oc.customer_id = c.id          INNER JOIN order_detail od ON o.id = od.order_id WHERE CONCAT('OD', LPAD(o.id, 3, 0)) LIKE ?    OR o.datetime LIKE ?    OR CONCAT('C', LPAD(oc.customer_id, 3, 0)) LIKE ?    OR c.name LIKE ? GROUP BY o.id;] 
2023-07-06 00:46:36,125 [http-nio-8080-exec-8] DEBUG lk.ijse.dep10.pos.JdbcConfig$1 - Executing SQL query [SELECT COUNT(*) FROM customer] 
2023-07-06 00:46:36,127 [http-nio-8080-exec-3] DEBUG lk.ijse.dep10.pos.JdbcConfig$1 - Executing SQL query [SELECT COUNT(*) FROM `order`] 
2023-07-06 00:46:36,128 [http-nio-8080-exec-4] DEBUG lk.ijse.dep10.pos.JdbcConfig$1 - Executing prepared SQL query 
2023-07-06 00:46:36,128 [http-nio-8080-exec-4] DEBUG lk.ijse.dep10.pos.JdbcConfig$1 - Executing prepared SQL statement [SELECT CONCAT('OD', LPAD(o.id, 3, 0))          as id,        o.datetime,        CONCAT('C', LPAD(oc.customer_id, 3, 0)) as customer_id,        c.name,        SUM(od.qty * od.unit_price)             as total FROM `order` o          LEFT OUTER JOIN order_customer oc ON o.id = oc.order_id          LEFT OUTER JOIN customer c ON oc.customer_id = c.id          INNER JOIN order_detail od ON o.id = od.order_id WHERE CONCAT('OD', LPAD(o.id, 3, 0)) LIKE ?    OR o.datetime LIKE ?    OR CONCAT('C', LPAD(oc.customer_id, 3, 0)) LIKE ?    OR c.name LIKE ? GROUP BY o.id;] 
2023-07-06 00:46:36,141 [http-nio-8080-exec-9] DEBUG lk.ijse.dep10.pos.JdbcConfig$1 - Executing SQL query [SELECT COUNT(*) FROM item] 
2023-07-06 00:47:15,262 [http-nio-8080-exec-5] DEBUG lk.ijse.dep10.pos.JdbcConfig$1 - Executing SQL query [SELECT COUNT(*) FROM customer] 
2023-07-06 00:47:15,264 [http-nio-8080-exec-1] DEBUG lk.ijse.dep10.pos.JdbcConfig$1 - Executing SQL query [SELECT COUNT(*) FROM `order`] 
2023-07-06 00:47:15,264 [http-nio-8080-exec-2] DEBUG lk.ijse.dep10.pos.JdbcConfig$1 - Executing SQL query [SELECT COUNT(*) FROM item] 
2023-07-06 00:47:15,279 [http-nio-8080-exec-6] DEBUG lk.ijse.dep10.pos.JdbcConfig$1 - Executing prepared SQL query 
2023-07-06 00:47:15,279 [http-nio-8080-exec-6] DEBUG lk.ijse.dep10.pos.JdbcConfig$1 - Executing prepared SQL statement [SELECT CONCAT('OD', LPAD(o.id, 3, 0))          as id,        o.datetime,        CONCAT('C', LPAD(oc.customer_id, 3, 0)) as customer_id,        c.name,        SUM(od.qty * od.unit_price)             as total FROM `order` o          LEFT OUTER JOIN order_customer oc ON o.id = oc.order_id          LEFT OUTER JOIN customer c ON oc.customer_id = c.id          INNER JOIN order_detail od ON o.id = od.order_id WHERE CONCAT('OD', LPAD(o.id, 3, 0)) LIKE ?    OR o.datetime LIKE ?    OR CONCAT('C', LPAD(oc.customer_id, 3, 0)) LIKE ?    OR c.name LIKE ? GROUP BY o.id;] 
2023-07-06 00:47:21,550 [http-nio-8080-exec-10] DEBUG lk.ijse.dep10.pos.JdbcConfig$1 - Executing SQL query [SELECT COUNT(*) FROM customer] 
2023-07-06 00:47:21,551 [http-nio-8080-exec-7] DEBUG lk.ijse.dep10.pos.JdbcConfig$1 - Executing SQL query [SELECT COUNT(*) FROM item] 
2023-07-06 00:47:21,566 [http-nio-8080-exec-4] DEBUG lk.ijse.dep10.pos.JdbcConfig$1 - Executing SQL query [SELECT COUNT(*) FROM `order`] 
2023-07-06 00:47:21,566 [http-nio-8080-exec-9] DEBUG lk.ijse.dep10.pos.JdbcConfig$1 - Executing prepared SQL query 
2023-07-06 00:47:21,566 [http-nio-8080-exec-9] DEBUG lk.ijse.dep10.pos.JdbcConfig$1 - Executing prepared SQL statement [SELECT CONCAT('OD', LPAD(o.id, 3, 0))          as id,        o.datetime,        CONCAT('C', LPAD(oc.customer_id, 3, 0)) as customer_id,        c.name,        SUM(od.qty * od.unit_price)             as total FROM `order` o          LEFT OUTER JOIN order_customer oc ON o.id = oc.order_id          LEFT OUTER JOIN customer c ON oc.customer_id = c.id          INNER JOIN order_detail od ON o.id = od.order_id WHERE CONCAT('OD', LPAD(o.id, 3, 0)) LIKE ?    OR o.datetime LIKE ?    OR CONCAT('C', LPAD(oc.customer_id, 3, 0)) LIKE ?    OR c.name LIKE ? GROUP BY o.id;] 
2023-07-06 00:49:14,385 [http-nio-8080-exec-2] DEBUG lk.ijse.dep10.pos.JdbcConfig$1 - Executing SQL query [SELECT COUNT(*) FROM item] 
2023-07-06 00:49:14,386 [http-nio-8080-exec-5] DEBUG lk.ijse.dep10.pos.JdbcConfig$1 - Executing SQL query [SELECT COUNT(*) FROM customer] 
2023-07-06 00:49:14,394 [http-nio-8080-exec-7] DEBUG lk.ijse.dep10.pos.JdbcConfig$1 - Executing SQL query [SELECT COUNT(*) FROM `order`] 
2023-07-06 00:49:14,395 [http-nio-8080-exec-10] DEBUG lk.ijse.dep10.pos.JdbcConfig$1 - Executing prepared SQL query 
2023-07-06 00:49:14,395 [http-nio-8080-exec-10] DEBUG lk.ijse.dep10.pos.JdbcConfig$1 - Executing prepared SQL statement [SELECT CONCAT('OD', LPAD(o.id, 3, 0))          as id,        o.datetime,        CONCAT('C', LPAD(oc.customer_id, 3, 0)) as customer_id,        c.name,        SUM(od.qty * od.unit_price)             as total FROM `order` o          LEFT OUTER JOIN order_customer oc ON o.id = oc.order_id          LEFT OUTER JOIN customer c ON oc.customer_id = c.id          INNER JOIN order_detail od ON o.id = od.order_id WHERE CONCAT('OD', LPAD(o.id, 3, 0)) LIKE ?    OR o.datetime LIKE ?    OR CONCAT('C', LPAD(oc.customer_id, 3, 0)) LIKE ?    OR c.name LIKE ? GROUP BY o.id;] 
2023-07-06 00:49:57,440 [http-nio-8080-exec-9] DEBUG lk.ijse.dep10.pos.JdbcConfig$1 - Executing SQL query [SELECT COUNT(*) FROM customer] 
2023-07-06 00:49:57,440 [http-nio-8080-exec-4] DEBUG lk.ijse.dep10.pos.JdbcConfig$1 - Executing SQL query [SELECT COUNT(*) FROM item] 
2023-07-06 00:49:57,470 [http-nio-8080-exec-6] DEBUG lk.ijse.dep10.pos.JdbcConfig$1 - Executing prepared SQL query 
2023-07-06 00:49:57,470 [http-nio-8080-exec-6] DEBUG lk.ijse.dep10.pos.JdbcConfig$1 - Executing prepared SQL statement [SELECT CONCAT('OD', LPAD(o.id, 3, 0))          as id,        o.datetime,        CONCAT('C', LPAD(oc.customer_id, 3, 0)) as customer_id,        c.name,        SUM(od.qty * od.unit_price)             as total FROM `order` o          LEFT OUTER JOIN order_customer oc ON o.id = oc.order_id          LEFT OUTER JOIN customer c ON oc.customer_id = c.id          INNER JOIN order_detail od ON o.id = od.order_id WHERE CONCAT('OD', LPAD(o.id, 3, 0)) LIKE ?    OR o.datetime LIKE ?    OR CONCAT('C', LPAD(oc.customer_id, 3, 0)) LIKE ?    OR c.name LIKE ? GROUP BY o.id;] 
2023-07-06 00:49:57,471 [http-nio-8080-exec-1] DEBUG lk.ijse.dep10.pos.JdbcConfig$1 - Executing SQL query [SELECT COUNT(*) FROM `order`] 
2023-07-06 00:50:20,053 [http-nio-8080-exec-5] DEBUG lk.ijse.dep10.pos.JdbcConfig$1 - Executing prepared SQL query 
2023-07-06 00:50:20,060 [http-nio-8080-exec-5] DEBUG lk.ijse.dep10.pos.JdbcConfig$1 - Executing prepared SQL statement [SELECT CONCAT('OD', LPAD(o.id, 3, 0))          as id,        o.datetime,        CONCAT('C', LPAD(oc.customer_id, 3, 0)) as customer_id,        c.name,        SUM(od.qty * od.unit_price)             as total FROM `order` o          LEFT OUTER JOIN order_customer oc ON o.id = oc.order_id          LEFT OUTER JOIN customer c ON oc.customer_id = c.id          INNER JOIN order_detail od ON o.id = od.order_id WHERE CONCAT('OD', LPAD(o.id, 3, 0)) LIKE ?    OR o.datetime LIKE ?    OR CONCAT('C', LPAD(oc.customer_id, 3, 0)) LIKE ?    OR c.name LIKE ? GROUP BY o.id;] 
2023-07-06 00:50:20,060 [http-nio-8080-exec-3] DEBUG lk.ijse.dep10.pos.JdbcConfig$1 - Executing SQL query [SELECT COUNT(*) FROM item] 
2023-07-06 00:50:20,055 [http-nio-8080-exec-10] DEBUG lk.ijse.dep10.pos.JdbcConfig$1 - Executing SQL query [SELECT COUNT(*) FROM `order`] 
2023-07-06 00:50:20,063 [http-nio-8080-exec-8] DEBUG lk.ijse.dep10.pos.JdbcConfig$1 - Executing SQL query [SELECT COUNT(*) FROM customer] 
2023-07-06 00:51:01,656 [http-nio-8080-exec-2] DEBUG lk.ijse.dep10.pos.JdbcConfig$1 - Executing SQL query [SELECT COUNT(*) FROM item] 
2023-07-06 00:51:01,662 [http-nio-8080-exec-7] DEBUG lk.ijse.dep10.pos.JdbcConfig$1 - Executing SQL query [SELECT COUNT(*) FROM customer] 
2023-07-06 00:51:01,720 [http-nio-8080-exec-4] DEBUG lk.ijse.dep10.pos.JdbcConfig$1 - Executing SQL query [SELECT COUNT(*) FROM `order`] 
2023-07-06 00:51:01,720 [http-nio-8080-exec-9] DEBUG lk.ijse.dep10.pos.JdbcConfig$1 - Executing prepared SQL query 
2023-07-06 00:51:01,720 [http-nio-8080-exec-9] DEBUG lk.ijse.dep10.pos.JdbcConfig$1 - Executing prepared SQL statement [SELECT CONCAT('OD', LPAD(o.id, 3, 0))          as id,        o.datetime,        CONCAT('C', LPAD(oc.customer_id, 3, 0)) as customer_id,        c.name,        SUM(od.qty * od.unit_price)             as total FROM `order` o          LEFT OUTER JOIN order_customer oc ON o.id = oc.order_id          LEFT OUTER JOIN customer c ON oc.customer_id = c.id          INNER JOIN order_detail od ON o.id = od.order_id WHERE CONCAT('OD', LPAD(o.id, 3, 0)) LIKE ?    OR o.datetime LIKE ?    OR CONCAT('C', LPAD(oc.customer_id, 3, 0)) LIKE ?    OR c.name LIKE ? GROUP BY o.id;] 
2023-07-06 00:51:06,095 [http-nio-8080-exec-6] DEBUG lk.ijse.dep10.pos.JdbcConfig$1 - Executing SQL query [SELECT COUNT(*) FROM customer] 
2023-07-06 00:51:06,096 [http-nio-8080-exec-1] DEBUG lk.ijse.dep10.pos.JdbcConfig$1 - Executing SQL query [SELECT COUNT(*) FROM item] 
2023-07-06 00:51:06,103 [http-nio-8080-exec-10] DEBUG lk.ijse.dep10.pos.JdbcConfig$1 - Executing SQL query [SELECT COUNT(*) FROM `order`] 
2023-07-06 00:51:06,104 [http-nio-8080-exec-8] DEBUG lk.ijse.dep10.pos.JdbcConfig$1 - Executing prepared SQL query 
2023-07-06 00:51:06,104 [http-nio-8080-exec-8] DEBUG lk.ijse.dep10.pos.JdbcConfig$1 - Executing prepared SQL statement [SELECT CONCAT('OD', LPAD(o.id, 3, 0))          as id,        o.datetime,        CONCAT('C', LPAD(oc.customer_id, 3, 0)) as customer_id,        c.name,        SUM(od.qty * od.unit_price)             as total FROM `order` o          LEFT OUTER JOIN order_customer oc ON o.id = oc.order_id          LEFT OUTER JOIN customer c ON oc.customer_id = c.id          INNER JOIN order_detail od ON o.id = od.order_id WHERE CONCAT('OD', LPAD(o.id, 3, 0)) LIKE ?    OR o.datetime LIKE ?    OR CONCAT('C', LPAD(oc.customer_id, 3, 0)) LIKE ?    OR c.name LIKE ? GROUP BY o.id;] 
2023-07-06 00:51:32,736 [http-nio-8080-exec-3] DEBUG lk.ijse.dep10.pos.JdbcConfig$1 - Executing SQL query [SELECT COUNT(*) FROM customer] 
2023-07-06 00:51:32,739 [http-nio-8080-exec-7] DEBUG lk.ijse.dep10.pos.JdbcConfig$1 - Executing SQL query [SELECT COUNT(*) FROM item] 
2023-07-06 00:51:32,742 [http-nio-8080-exec-2] DEBUG lk.ijse.dep10.pos.JdbcConfig$1 - Executing SQL query [SELECT COUNT(*) FROM `order`] 
2023-07-06 00:51:32,744 [http-nio-8080-exec-5] DEBUG lk.ijse.dep10.pos.JdbcConfig$1 - Executing prepared SQL query 
2023-07-06 00:51:32,744 [http-nio-8080-exec-5] DEBUG lk.ijse.dep10.pos.JdbcConfig$1 - Executing prepared SQL statement [SELECT CONCAT('OD', LPAD(o.id, 3, 0))          as id,        o.datetime,        CONCAT('C', LPAD(oc.customer_id, 3, 0)) as customer_id,        c.name,        SUM(od.qty * od.unit_price)             as total FROM `order` o          LEFT OUTER JOIN order_customer oc ON o.id = oc.order_id          LEFT OUTER JOIN customer c ON oc.customer_id = c.id          INNER JOIN order_detail od ON o.id = od.order_id WHERE CONCAT('OD', LPAD(o.id, 3, 0)) LIKE ?    OR o.datetime LIKE ?    OR CONCAT('C', LPAD(oc.customer_id, 3, 0)) LIKE ?    OR c.name LIKE ? GROUP BY o.id;] 
2023-07-06 00:51:46,829 [http-nio-8080-exec-9] DEBUG lk.ijse.dep10.pos.JdbcConfig$1 - Executing SQL query [SELECT COUNT(*) FROM customer] 
2023-07-06 00:51:46,832 [http-nio-8080-exec-6] DEBUG lk.ijse.dep10.pos.JdbcConfig$1 - Executing SQL query [SELECT COUNT(*) FROM `order`] 
2023-07-06 00:51:46,832 [http-nio-8080-exec-4] DEBUG lk.ijse.dep10.pos.JdbcConfig$1 - Executing prepared SQL query 
2023-07-06 00:51:46,833 [http-nio-8080-exec-4] DEBUG lk.ijse.dep10.pos.JdbcConfig$1 - Executing prepared SQL statement [SELECT CONCAT('OD', LPAD(o.id, 3, 0))          as id,        o.datetime,        CONCAT('C', LPAD(oc.customer_id, 3, 0)) as customer_id,        c.name,        SUM(od.qty * od.unit_price)             as total FROM `order` o          LEFT OUTER JOIN order_customer oc ON o.id = oc.order_id          LEFT OUTER JOIN customer c ON oc.customer_id = c.id          INNER JOIN order_detail od ON o.id = od.order_id WHERE CONCAT('OD', LPAD(o.id, 3, 0)) LIKE ?    OR o.datetime LIKE ?    OR CONCAT('C', LPAD(oc.customer_id, 3, 0)) LIKE ?    OR c.name LIKE ? GROUP BY o.id;] 
2023-07-06 00:51:46,835 [http-nio-8080-exec-8] DEBUG lk.ijse.dep10.pos.JdbcConfig$1 - Executing SQL query [SELECT COUNT(*) FROM item] 
2023-07-06 00:52:15,346 [http-nio-8080-exec-5] DEBUG lk.ijse.dep10.pos.JdbcConfig$1 - Executing SQL query [SELECT COUNT(*) FROM `order`] 
2023-07-06 00:52:15,347 [http-nio-8080-exec-10] DEBUG lk.ijse.dep10.pos.JdbcConfig$1 - Executing SQL query [SELECT COUNT(*) FROM customer] 
2023-07-06 00:52:15,347 [http-nio-8080-exec-1] DEBUG lk.ijse.dep10.pos.JdbcConfig$1 - Executing SQL query [SELECT COUNT(*) FROM item] 
2023-07-06 00:52:15,350 [http-nio-8080-exec-3] DEBUG lk.ijse.dep10.pos.JdbcConfig$1 - Executing prepared SQL query 
2023-07-06 00:52:15,351 [http-nio-8080-exec-3] DEBUG lk.ijse.dep10.pos.JdbcConfig$1 - Executing prepared SQL statement [SELECT CONCAT('OD', LPAD(o.id, 3, 0))          as id,        o.datetime,        CONCAT('C', LPAD(oc.customer_id, 3, 0)) as customer_id,        c.name,        SUM(od.qty * od.unit_price)             as total FROM `order` o          LEFT OUTER JOIN order_customer oc ON o.id = oc.order_id          LEFT OUTER JOIN customer c ON oc.customer_id = c.id          INNER JOIN order_detail od ON o.id = od.order_id WHERE CONCAT('OD', LPAD(o.id, 3, 0)) LIKE ?    OR o.datetime LIKE ?    OR CONCAT('C', LPAD(oc.customer_id, 3, 0)) LIKE ?    OR c.name LIKE ? GROUP BY o.id;] 
2023-07-06 00:52:35,423 [http-nio-8080-exec-6] DEBUG lk.ijse.dep10.pos.JdbcConfig$1 - Executing SQL query [SELECT COUNT(*) FROM `order`] 
2023-07-06 00:52:35,424 [http-nio-8080-exec-7] DEBUG lk.ijse.dep10.pos.JdbcConfig$1 - Executing SQL query [SELECT COUNT(*) FROM customer] 
2023-07-06 00:52:35,439 [http-nio-8080-exec-8] DEBUG lk.ijse.dep10.pos.JdbcConfig$1 - Executing prepared SQL query 
2023-07-06 00:52:35,440 [http-nio-8080-exec-8] DEBUG lk.ijse.dep10.pos.JdbcConfig$1 - Executing prepared SQL statement [SELECT CONCAT('OD', LPAD(o.id, 3, 0))          as id,        o.datetime,        CONCAT('C', LPAD(oc.customer_id, 3, 0)) as customer_id,        c.name,        SUM(od.qty * od.unit_price)             as total FROM `order` o          LEFT OUTER JOIN order_customer oc ON o.id = oc.order_id          LEFT OUTER JOIN customer c ON oc.customer_id = c.id          INNER JOIN order_detail od ON o.id = od.order_id WHERE CONCAT('OD', LPAD(o.id, 3, 0)) LIKE ?    OR o.datetime LIKE ?    OR CONCAT('C', LPAD(oc.customer_id, 3, 0)) LIKE ?    OR c.name LIKE ? GROUP BY o.id;] 
2023-07-06 00:52:35,446 [http-nio-8080-exec-2] DEBUG lk.ijse.dep10.pos.JdbcConfig$1 - Executing SQL query [SELECT COUNT(*) FROM item] 
2023-07-06 00:52:55,324 [http-nio-8080-exec-9] DEBUG lk.ijse.dep10.pos.JdbcConfig$1 - Executing SQL query [SELECT COUNT(*) FROM item] 
2023-07-06 00:52:55,325 [http-nio-8080-exec-4] DEBUG lk.ijse.dep10.pos.JdbcConfig$1 - Executing SQL query [SELECT COUNT(*) FROM customer] 
2023-07-06 00:52:55,327 [http-nio-8080-exec-10] DEBUG lk.ijse.dep10.pos.JdbcConfig$1 - Executing prepared SQL query 
2023-07-06 00:52:55,327 [http-nio-8080-exec-10] DEBUG lk.ijse.dep10.pos.JdbcConfig$1 - Executing prepared SQL statement [SELECT CONCAT('OD', LPAD(o.id, 3, 0))          as id,        o.datetime,        CONCAT('C', LPAD(oc.customer_id, 3, 0)) as customer_id,        c.name,        SUM(od.qty * od.unit_price)             as total FROM `order` o          LEFT OUTER JOIN order_customer oc ON o.id = oc.order_id          LEFT OUTER JOIN customer c ON oc.customer_id = c.id          INNER JOIN order_detail od ON o.id = od.order_id WHERE CONCAT('OD', LPAD(o.id, 3, 0)) LIKE ?    OR o.datetime LIKE ?    OR CONCAT('C', LPAD(oc.customer_id, 3, 0)) LIKE ?    OR c.name LIKE ? GROUP BY o.id;] 
2023-07-06 00:52:55,328 [http-nio-8080-exec-3] DEBUG lk.ijse.dep10.pos.JdbcConfig$1 - Executing SQL query [SELECT COUNT(*) FROM `order`] 
2023-07-06 00:53:10,234 [http-nio-8080-exec-1] DEBUG lk.ijse.dep10.pos.JdbcConfig$1 - Executing SQL query [SELECT COUNT(*) FROM item] 
2023-07-06 00:53:10,235 [http-nio-8080-exec-6] DEBUG lk.ijse.dep10.pos.JdbcConfig$1 - Executing SQL query [SELECT COUNT(*) FROM `order`] 
2023-07-06 00:53:10,237 [http-nio-8080-exec-5] DEBUG lk.ijse.dep10.pos.JdbcConfig$1 - Executing SQL query [SELECT COUNT(*) FROM customer] 
2023-07-06 00:53:10,248 [http-nio-8080-exec-8] DEBUG lk.ijse.dep10.pos.JdbcConfig$1 - Executing prepared SQL query 
2023-07-06 00:53:10,249 [http-nio-8080-exec-8] DEBUG lk.ijse.dep10.pos.JdbcConfig$1 - Executing prepared SQL statement [SELECT CONCAT('OD', LPAD(o.id, 3, 0))          as id,        o.datetime,        CONCAT('C', LPAD(oc.customer_id, 3, 0)) as customer_id,        c.name,        SUM(od.qty * od.unit_price)             as total FROM `order` o          LEFT OUTER JOIN order_customer oc ON o.id = oc.order_id          LEFT OUTER JOIN customer c ON oc.customer_id = c.id          INNER JOIN order_detail od ON o.id = od.order_id WHERE CONCAT('OD', LPAD(o.id, 3, 0)) LIKE ?    OR o.datetime LIKE ?    OR CONCAT('C', LPAD(oc.customer_id, 3, 0)) LIKE ?    OR c.name LIKE ? GROUP BY o.id;] 
2023-07-06 00:53:12,609 [http-nio-8080-exec-2] DEBUG lk.ijse.dep10.pos.JdbcConfig$1 - Executing SQL query [SELECT COUNT(*) FROM customer] 
2023-07-06 00:53:12,611 [http-nio-8080-exec-7] DEBUG lk.ijse.dep10.pos.JdbcConfig$1 - Executing prepared SQL query 
2023-07-06 00:53:12,611 [http-nio-8080-exec-7] DEBUG lk.ijse.dep10.pos.JdbcConfig$1 - Executing prepared SQL statement [SELECT CONCAT('OD', LPAD(o.id, 3, 0))          as id,        o.datetime,        CONCAT('C', LPAD(oc.customer_id, 3, 0)) as customer_id,        c.name,        SUM(od.qty * od.unit_price)             as total FROM `order` o          LEFT OUTER JOIN order_customer oc ON o.id = oc.order_id          LEFT OUTER JOIN customer c ON oc.customer_id = c.id          INNER JOIN order_detail od ON o.id = od.order_id WHERE CONCAT('OD', LPAD(o.id, 3, 0)) LIKE ?    OR o.datetime LIKE ?    OR CONCAT('C', LPAD(oc.customer_id, 3, 0)) LIKE ?    OR c.name LIKE ? GROUP BY o.id;] 
2023-07-06 00:53:12,614 [http-nio-8080-exec-9] DEBUG lk.ijse.dep10.pos.JdbcConfig$1 - Executing SQL query [SELECT COUNT(*) FROM `order`] 
2023-07-06 00:53:12,615 [http-nio-8080-exec-10] DEBUG lk.ijse.dep10.pos.JdbcConfig$1 - Executing SQL query [SELECT COUNT(*) FROM item] 
2023-07-06 00:54:44,730 [http-nio-8080-exec-5] DEBUG lk.ijse.dep10.pos.JdbcConfig$1 - Executing SQL query [SELECT COUNT(*) FROM customer] 
2023-07-06 00:54:44,748 [http-nio-8080-exec-1] DEBUG lk.ijse.dep10.pos.JdbcConfig$1 - Executing SQL query [SELECT COUNT(*) FROM `order`] 
2023-07-06 00:54:44,751 [http-nio-8080-exec-7] DEBUG lk.ijse.dep10.pos.JdbcConfig$1 - Executing prepared SQL query 
2023-07-06 00:54:44,751 [http-nio-8080-exec-7] DEBUG lk.ijse.dep10.pos.JdbcConfig$1 - Executing prepared SQL statement [SELECT CONCAT('OD', LPAD(o.id, 3, 0))          as id,        o.datetime,        CONCAT('C', LPAD(oc.customer_id, 3, 0)) as customer_id,        c.name,        SUM(od.qty * od.unit_price)             as total FROM `order` o          LEFT OUTER JOIN order_customer oc ON o.id = oc.order_id          LEFT OUTER JOIN customer c ON oc.customer_id = c.id          INNER JOIN order_detail od ON o.id = od.order_id WHERE CONCAT('OD', LPAD(o.id, 3, 0)) LIKE ?    OR o.datetime LIKE ?    OR CONCAT('C', LPAD(oc.customer_id, 3, 0)) LIKE ?    OR c.name LIKE ? GROUP BY o.id;] 
2023-07-06 00:54:44,751 [http-nio-8080-exec-2] DEBUG lk.ijse.dep10.pos.JdbcConfig$1 - Executing SQL query [SELECT COUNT(*) FROM item] 
2023-07-06 00:54:47,042 [http-nio-8080-exec-9] DEBUG lk.ijse.dep10.pos.JdbcConfig$1 - Executing SQL query [SELECT COUNT(*) FROM customer] 
2023-07-06 00:54:47,056 [http-nio-8080-exec-10] DEBUG lk.ijse.dep10.pos.JdbcConfig$1 - Executing SQL query [SELECT COUNT(*) FROM `order`] 
2023-07-06 00:54:47,059 [http-nio-8080-exec-4] DEBUG lk.ijse.dep10.pos.JdbcConfig$1 - Executing prepared SQL query 
2023-07-06 00:54:47,059 [http-nio-8080-exec-4] DEBUG lk.ijse.dep10.pos.JdbcConfig$1 - Executing prepared SQL statement [SELECT CONCAT('OD', LPAD(o.id, 3, 0))          as id,        o.datetime,        CONCAT('C', LPAD(oc.customer_id, 3, 0)) as customer_id,        c.name,        SUM(od.qty * od.unit_price)             as total FROM `order` o          LEFT OUTER JOIN order_customer oc ON o.id = oc.order_id          LEFT OUTER JOIN customer c ON oc.customer_id = c.id          INNER JOIN order_detail od ON o.id = od.order_id WHERE CONCAT('OD', LPAD(o.id, 3, 0)) LIKE ?    OR o.datetime LIKE ?    OR CONCAT('C', LPAD(oc.customer_id, 3, 0)) LIKE ?    OR c.name LIKE ? GROUP BY o.id;] 
2023-07-06 00:54:47,066 [http-nio-8080-exec-8] DEBUG lk.ijse.dep10.pos.JdbcConfig$1 - Executing SQL query [SELECT COUNT(*) FROM item] 
2023-07-06 00:55:22,509 [http-nio-8080-exec-6] DEBUG lk.ijse.dep10.pos.JdbcConfig$1 - Executing SQL query [SELECT COUNT(*) FROM customer] 
2023-07-06 00:55:22,516 [http-nio-8080-exec-7] DEBUG lk.ijse.dep10.pos.JdbcConfig$1 - Executing SQL query [SELECT COUNT(*) FROM `order`] 
2023-07-06 00:55:22,514 [http-nio-8080-exec-5] DEBUG lk.ijse.dep10.pos.JdbcConfig$1 - Executing prepared SQL query 
2023-07-06 00:55:22,519 [http-nio-8080-exec-5] DEBUG lk.ijse.dep10.pos.JdbcConfig$1 - Executing prepared SQL statement [SELECT CONCAT('OD', LPAD(o.id, 3, 0))          as id,        o.datetime,        CONCAT('C', LPAD(oc.customer_id, 3, 0)) as customer_id,        c.name,        SUM(od.qty * od.unit_price)             as total FROM `order` o          LEFT OUTER JOIN order_customer oc ON o.id = oc.order_id          LEFT OUTER JOIN customer c ON oc.customer_id = c.id          INNER JOIN order_detail od ON o.id = od.order_id WHERE CONCAT('OD', LPAD(o.id, 3, 0)) LIKE ?    OR o.datetime LIKE ?    OR CONCAT('C', LPAD(oc.customer_id, 3, 0)) LIKE ?    OR c.name LIKE ? GROUP BY o.id;] 
2023-07-06 00:55:22,531 [http-nio-8080-exec-3] DEBUG lk.ijse.dep10.pos.JdbcConfig$1 - Executing SQL query [SELECT COUNT(*) FROM item] 
2023-07-06 00:55:26,226 [http-nio-8080-exec-4] DEBUG lk.ijse.dep10.pos.JdbcConfig$1 - Executing SQL query [SELECT COUNT(*) FROM `order`] 
2023-07-06 00:55:26,226 [http-nio-8080-exec-1] DEBUG lk.ijse.dep10.pos.JdbcConfig$1 - Executing SQL query [SELECT COUNT(*) FROM item] 
2023-07-06 00:55:26,231 [http-nio-8080-exec-9] DEBUG lk.ijse.dep10.pos.JdbcConfig$1 - Executing prepared SQL query 
2023-07-06 00:55:26,231 [http-nio-8080-exec-9] DEBUG lk.ijse.dep10.pos.JdbcConfig$1 - Executing prepared SQL statement [SELECT CONCAT('OD', LPAD(o.id, 3, 0))          as id,        o.datetime,        CONCAT('C', LPAD(oc.customer_id, 3, 0)) as customer_id,        c.name,        SUM(od.qty * od.unit_price)             as total FROM `order` o          LEFT OUTER JOIN order_customer oc ON o.id = oc.order_id          LEFT OUTER JOIN customer c ON oc.customer_id = c.id          INNER JOIN order_detail od ON o.id = od.order_id WHERE CONCAT('OD', LPAD(o.id, 3, 0)) LIKE ?    OR o.datetime LIKE ?    OR CONCAT('C', LPAD(oc.customer_id, 3, 0)) LIKE ?    OR c.name LIKE ? GROUP BY o.id;] 
2023-07-06 00:55:26,232 [http-nio-8080-exec-2] DEBUG lk.ijse.dep10.pos.JdbcConfig$1 - Executing SQL query [SELECT COUNT(*) FROM customer] 
2023-07-06 00:55:29,675 [http-nio-8080-exec-8] DEBUG lk.ijse.dep10.pos.JdbcConfig$1 - Executing SQL query [SELECT COUNT(*) FROM customer] 
2023-07-06 00:55:29,676 [http-nio-8080-exec-7] DEBUG lk.ijse.dep10.pos.JdbcConfig$1 - Executing SQL query [SELECT COUNT(*) FROM `order`] 
2023-07-06 00:55:29,676 [http-nio-8080-exec-5] DEBUG lk.ijse.dep10.pos.JdbcConfig$1 - Executing prepared SQL query 
2023-07-06 00:55:29,676 [http-nio-8080-exec-5] DEBUG lk.ijse.dep10.pos.JdbcConfig$1 - Executing prepared SQL statement [SELECT CONCAT('OD', LPAD(o.id, 3, 0))          as id,        o.datetime,        CONCAT('C', LPAD(oc.customer_id, 3, 0)) as customer_id,        c.name,        SUM(od.qty * od.unit_price)             as total FROM `order` o          LEFT OUTER JOIN order_customer oc ON o.id = oc.order_id          LEFT OUTER JOIN customer c ON oc.customer_id = c.id          INNER JOIN order_detail od ON o.id = od.order_id WHERE CONCAT('OD', LPAD(o.id, 3, 0)) LIKE ?    OR o.datetime LIKE ?    OR CONCAT('C', LPAD(oc.customer_id, 3, 0)) LIKE ?    OR c.name LIKE ? GROUP BY o.id;] 
2023-07-06 00:55:29,678 [http-nio-8080-exec-10] DEBUG lk.ijse.dep10.pos.JdbcConfig$1 - Executing SQL query [SELECT COUNT(*) FROM item] 
2023-07-06 00:55:42,264 [http-nio-8080-exec-9] DEBUG lk.ijse.dep10.pos.JdbcConfig$1 - Executing SQL query [SELECT COUNT(*) FROM `order`] 
2023-07-06 00:55:42,266 [http-nio-8080-exec-6] DEBUG lk.ijse.dep10.pos.JdbcConfig$1 - Executing SQL query [SELECT COUNT(*) FROM item] 
2023-07-06 00:55:42,275 [http-nio-8080-exec-4] DEBUG lk.ijse.dep10.pos.JdbcConfig$1 - Executing prepared SQL query 
2023-07-06 00:55:42,275 [http-nio-8080-exec-4] DEBUG lk.ijse.dep10.pos.JdbcConfig$1 - Executing prepared SQL statement [SELECT CONCAT('OD', LPAD(o.id, 3, 0))          as id,        o.datetime,        CONCAT('C', LPAD(oc.customer_id, 3, 0)) as customer_id,        c.name,        SUM(od.qty * od.unit_price)             as total FROM `order` o          LEFT OUTER JOIN order_customer oc ON o.id = oc.order_id          LEFT OUTER JOIN customer c ON oc.customer_id = c.id          INNER JOIN order_detail od ON o.id = od.order_id WHERE CONCAT('OD', LPAD(o.id, 3, 0)) LIKE ?    OR o.datetime LIKE ?    OR CONCAT('C', LPAD(oc.customer_id, 3, 0)) LIKE ?    OR c.name LIKE ? GROUP BY o.id;] 
2023-07-06 00:55:42,283 [http-nio-8080-exec-3] DEBUG lk.ijse.dep10.pos.JdbcConfig$1 - Executing SQL query [SELECT COUNT(*) FROM customer] 
2023-07-06 00:56:02,100 [http-nio-8080-exec-5] DEBUG lk.ijse.dep10.pos.JdbcConfig$1 - Executing SQL query [SELECT COUNT(*) FROM `order`] 
2023-07-06 00:56:02,101 [http-nio-8080-exec-2] DEBUG lk.ijse.dep10.pos.JdbcConfig$1 - Executing SQL query [SELECT COUNT(*) FROM item] 
2023-07-06 00:56:02,102 [http-nio-8080-exec-7] DEBUG lk.ijse.dep10.pos.JdbcConfig$1 - Executing prepared SQL query 
2023-07-06 00:56:02,102 [http-nio-8080-exec-7] DEBUG lk.ijse.dep10.pos.JdbcConfig$1 - Executing prepared SQL statement [SELECT CONCAT('OD', LPAD(o.id, 3, 0))          as id,        o.datetime,        CONCAT('C', LPAD(oc.customer_id, 3, 0)) as customer_id,        c.name,        SUM(od.qty * od.unit_price)             as total FROM `order` o          LEFT OUTER JOIN order_customer oc ON o.id = oc.order_id          LEFT OUTER JOIN customer c ON oc.customer_id = c.id          INNER JOIN order_detail od ON o.id = od.order_id WHERE CONCAT('OD', LPAD(o.id, 3, 0)) LIKE ?    OR o.datetime LIKE ?    OR CONCAT('C', LPAD(oc.customer_id, 3, 0)) LIKE ?    OR c.name LIKE ? GROUP BY o.id;] 
2023-07-06 00:56:02,107 [http-nio-8080-exec-1] DEBUG lk.ijse.dep10.pos.JdbcConfig$1 - Executing SQL query [SELECT COUNT(*) FROM customer] 
2023-07-06 00:56:41,780 [http-nio-8080-exec-4] DEBUG lk.ijse.dep10.pos.JdbcConfig$1 - Executing prepared SQL query 
2023-07-06 00:56:41,781 [http-nio-8080-exec-4] DEBUG lk.ijse.dep10.pos.JdbcConfig$1 - Executing prepared SQL statement [SELECT * FROM item WHERE code LIKE ? OR description LIKE ?] 
2023-07-06 00:56:43,338 [http-nio-8080-exec-3] DEBUG lk.ijse.dep10.pos.JdbcConfig$1 - Executing prepared SQL query 
2023-07-06 00:56:43,338 [http-nio-8080-exec-3] DEBUG lk.ijse.dep10.pos.JdbcConfig$1 - Executing prepared SQL statement [SELECT * FROM customer WHERE id LIKE ? OR name LIKE ? OR address LIKE ? OR contact LIKE ?] 
2023-07-06 00:56:44,658 [http-nio-8080-exec-7] DEBUG lk.ijse.dep10.pos.JdbcConfig$1 - Executing SQL query [SELECT COUNT(*) FROM `order`] 
2023-07-06 00:56:44,659 [http-nio-8080-exec-9] DEBUG lk.ijse.dep10.pos.JdbcConfig$1 - Executing SQL query [SELECT COUNT(*) FROM item] 
2023-07-06 00:56:44,660 [http-nio-8080-exec-5] DEBUG lk.ijse.dep10.pos.JdbcConfig$1 - Executing SQL query [SELECT COUNT(*) FROM customer] 
2023-07-06 00:56:44,658 [http-nio-8080-exec-6] DEBUG lk.ijse.dep10.pos.JdbcConfig$1 - Executing prepared SQL query 
2023-07-06 00:56:44,666 [http-nio-8080-exec-6] DEBUG lk.ijse.dep10.pos.JdbcConfig$1 - Executing prepared SQL statement [SELECT CONCAT('OD', LPAD(o.id, 3, 0))          as id,        o.datetime,        CONCAT('C', LPAD(oc.customer_id, 3, 0)) as customer_id,        c.name,        SUM(od.qty * od.unit_price)             as total FROM `order` o          LEFT OUTER JOIN order_customer oc ON o.id = oc.order_id          LEFT OUTER JOIN customer c ON oc.customer_id = c.id          INNER JOIN order_detail od ON o.id = od.order_id WHERE CONCAT('OD', LPAD(o.id, 3, 0)) LIKE ?    OR o.datetime LIKE ?    OR CONCAT('C', LPAD(oc.customer_id, 3, 0)) LIKE ?    OR c.name LIKE ? GROUP BY o.id;] 
2023-07-06 00:56:59,462 [http-nio-8080-exec-2] DEBUG lk.ijse.dep10.pos.JdbcConfig$1 - Executing SQL query [SELECT COUNT(*) FROM customer] 
2023-07-06 00:56:59,462 [http-nio-8080-exec-1] DEBUG lk.ijse.dep10.pos.JdbcConfig$1 - Executing SQL query [SELECT COUNT(*) FROM item] 
2023-07-06 00:56:59,464 [http-nio-8080-exec-8] DEBUG lk.ijse.dep10.pos.JdbcConfig$1 - Executing SQL query [SELECT COUNT(*) FROM `order`] 
2023-07-06 00:56:59,465 [http-nio-8080-exec-10] DEBUG lk.ijse.dep10.pos.JdbcConfig$1 - Executing prepared SQL query 
2023-07-06 00:56:59,465 [http-nio-8080-exec-10] DEBUG lk.ijse.dep10.pos.JdbcConfig$1 - Executing prepared SQL statement [SELECT CONCAT('OD', LPAD(o.id, 3, 0))          as id,        o.datetime,        CONCAT('C', LPAD(oc.customer_id, 3, 0)) as customer_id,        c.name,        SUM(od.qty * od.unit_price)             as total FROM `order` o          LEFT OUTER JOIN order_customer oc ON o.id = oc.order_id          LEFT OUTER JOIN customer c ON oc.customer_id = c.id          INNER JOIN order_detail od ON o.id = od.order_id WHERE CONCAT('OD', LPAD(o.id, 3, 0)) LIKE ?    OR o.datetime LIKE ?    OR CONCAT('C', LPAD(oc.customer_id, 3, 0)) LIKE ?    OR c.name LIKE ? GROUP BY o.id;] 
2023-07-06 00:58:55,933 [SpringApplicationShutdownHook] INFO  com.zaxxer.hikari.HikariDataSource - HikariPool-1 - Shutdown initiated... 
2023-07-06 00:58:55,944 [SpringApplicationShutdownHook] INFO  com.zaxxer.hikari.HikariDataSource - HikariPool-1 - Shutdown completed. 
2023-07-06 11:28:52,429 [background-preinit] INFO  o.h.validator.internal.util.Version - HV000001: Hibernate Validator 6.2.5.Final 
2023-07-06 11:28:52,439 [main] INFO  lk.ijse.dep10.pos.AppInitializer - Starting AppInitializer using Java 11.0.16.1 on nuwan-X556UQK with PID 4580 (/home/nuwan/Documents/DEP-10/Phase-3/architecture-series/monolithic-archiecture/back-end/target/classes started by nuwan in /home/nuwan/Documents/DEP-10/Phase-3/architecture-series/monolithic-archiecture/back-end) 
2023-07-06 11:28:52,441 [main] DEBUG lk.ijse.dep10.pos.AppInitializer - Running with Spring Boot v2.7.13, Spring v5.3.28 
2023-07-06 11:28:52,443 [main] INFO  lk.ijse.dep10.pos.AppInitializer - No active profile set, falling back to 1 default profile: "default" 
2023-07-06 11:28:54,339 [main] INFO  o.s.b.w.e.tomcat.TomcatWebServer - Tomcat initialized with port(s): 8080 (http) 
2023-07-06 11:28:54,347 [main] INFO  o.a.coyote.http11.Http11NioProtocol - Initializing ProtocolHandler ["http-nio-8080"] 
2023-07-06 11:28:54,348 [main] INFO  o.a.catalina.core.StandardService - Starting service [Tomcat] 
2023-07-06 11:28:54,349 [main] INFO  o.a.catalina.core.StandardEngine - Starting Servlet engine: [Apache Tomcat/9.0.76] 
2023-07-06 11:28:54,465 [main] INFO  o.a.c.c.C.[.[localhost].[/pos] - Initializing Spring embedded WebApplicationContext 
2023-07-06 11:28:54,466 [main] INFO  o.s.b.w.s.c.ServletWebServerApplicationContext - Root WebApplicationContext: initialization completed in 1870 ms 
2023-07-06 11:28:54,934 [main] INFO  com.zaxxer.hikari.HikariDataSource - HikariPool-1 - Starting... 
2023-07-06 11:28:55,340 [main] INFO  com.zaxxer.hikari.HikariDataSource - HikariPool-1 - Start completed. 
2023-07-06 11:28:55,806 [main] INFO  o.a.coyote.http11.Http11NioProtocol - Starting ProtocolHandler ["http-nio-8080"] 
2023-07-06 11:28:55,818 [main] INFO  o.s.b.w.e.tomcat.TomcatWebServer - Tomcat started on port(s): 8080 (http) with context path '/pos' 
2023-07-06 11:28:55,832 [main] INFO  lk.ijse.dep10.pos.AppInitializer - Started AppInitializer in 4.01 seconds (JVM running for 5.264) 
2023-07-06 11:29:12,791 [http-nio-8080-exec-3] INFO  o.a.c.c.C.[.[localhost].[/pos] - Initializing Spring DispatcherServlet 'dispatcherServlet' 
2023-07-06 11:29:12,791 [http-nio-8080-exec-3] INFO  o.s.web.servlet.DispatcherServlet - Initializing Servlet 'dispatcherServlet' 
2023-07-06 11:29:12,793 [http-nio-8080-exec-3] INFO  o.s.web.servlet.DispatcherServlet - Completed initialization in 2 ms 
2023-07-06 11:29:12,851 [http-nio-8080-exec-3] DEBUG lk.ijse.dep10.pos.JdbcConfig$1 - Executing SQL query [SELECT COUNT(*) FROM `order`] 
2023-07-06 11:29:12,872 [http-nio-8080-exec-4] DEBUG lk.ijse.dep10.pos.JdbcConfig$1 - Executing prepared SQL query 
2023-07-06 11:29:12,876 [http-nio-8080-exec-4] DEBUG lk.ijse.dep10.pos.JdbcConfig$1 - Executing prepared SQL statement [SELECT CONCAT('OD', LPAD(o.id, 3, 0))          as id,        o.datetime,        CONCAT('C', LPAD(oc.customer_id, 3, 0)) as customer_id,        c.name,        SUM(od.qty * od.unit_price)             as total FROM `order` o          LEFT OUTER JOIN order_customer oc ON o.id = oc.order_id          LEFT OUTER JOIN customer c ON oc.customer_id = c.id          INNER JOIN order_detail od ON o.id = od.order_id WHERE CONCAT('OD', LPAD(o.id, 3, 0)) LIKE ?    OR o.datetime LIKE ?    OR CONCAT('C', LPAD(oc.customer_id, 3, 0)) LIKE ?    OR c.name LIKE ? GROUP BY o.id;] 
2023-07-06 11:29:12,910 [http-nio-8080-exec-2] DEBUG lk.ijse.dep10.pos.JdbcConfig$1 - Executing SQL query [SELECT COUNT(*) FROM item] 
2023-07-06 11:29:12,923 [http-nio-8080-exec-1] DEBUG lk.ijse.dep10.pos.JdbcConfig$1 - Executing SQL query [SELECT COUNT(*) FROM customer] 
2023-07-06 11:29:15,368 [http-nio-8080-exec-7] DEBUG lk.ijse.dep10.pos.JdbcConfig$1 - Executing prepared SQL query 
2023-07-06 11:29:15,368 [http-nio-8080-exec-7] DEBUG lk.ijse.dep10.pos.JdbcConfig$1 - Executing prepared SQL statement [SELECT CONCAT('OD', LPAD(o.id, 3, 0))          as id,        o.datetime,        CONCAT('C', LPAD(oc.customer_id, 3, 0)) as customer_id,        c.name,        SUM(od.qty * od.unit_price)             as total FROM `order` o          LEFT OUTER JOIN order_customer oc ON o.id = oc.order_id          LEFT OUTER JOIN customer c ON oc.customer_id = c.id          INNER JOIN order_detail od ON o.id = od.order_id WHERE CONCAT('OD', LPAD(o.id, 3, 0)) LIKE ?    OR o.datetime LIKE ?    OR CONCAT('C', LPAD(oc.customer_id, 3, 0)) LIKE ?    OR c.name LIKE ? GROUP BY o.id;] 
2023-07-06 11:29:15,374 [http-nio-8080-exec-8] DEBUG lk.ijse.dep10.pos.JdbcConfig$1 - Executing SQL query [SELECT COUNT(*) FROM `order`] 
2023-07-06 11:29:15,377 [http-nio-8080-exec-6] DEBUG lk.ijse.dep10.pos.JdbcConfig$1 - Executing SQL query [SELECT COUNT(*) FROM customer] 
2023-07-06 11:29:15,385 [http-nio-8080-exec-5] DEBUG lk.ijse.dep10.pos.JdbcConfig$1 - Executing SQL query [SELECT COUNT(*) FROM item] 
2023-07-06 11:29:21,324 [http-nio-8080-exec-9] DEBUG lk.ijse.dep10.pos.JdbcConfig$1 - Executing prepared SQL query 
2023-07-06 11:29:21,325 [http-nio-8080-exec-9] DEBUG lk.ijse.dep10.pos.JdbcConfig$1 - Executing prepared SQL statement [SELECT * FROM item WHERE code LIKE ? OR description LIKE ?] 
2023-07-06 11:29:23,251 [http-nio-8080-exec-10] DEBUG lk.ijse.dep10.pos.JdbcConfig$1 - Executing SQL query [SELECT COUNT(*) FROM customer] 
2023-07-06 11:29:23,252 [http-nio-8080-exec-3] DEBUG lk.ijse.dep10.pos.JdbcConfig$1 - Executing prepared SQL query 
2023-07-06 11:29:23,252 [http-nio-8080-exec-3] DEBUG lk.ijse.dep10.pos.JdbcConfig$1 - Executing prepared SQL statement [SELECT CONCAT('OD', LPAD(o.id, 3, 0))          as id,        o.datetime,        CONCAT('C', LPAD(oc.customer_id, 3, 0)) as customer_id,        c.name,        SUM(od.qty * od.unit_price)             as total FROM `order` o          LEFT OUTER JOIN order_customer oc ON o.id = oc.order_id          LEFT OUTER JOIN customer c ON oc.customer_id = c.id          INNER JOIN order_detail od ON o.id = od.order_id WHERE CONCAT('OD', LPAD(o.id, 3, 0)) LIKE ?    OR o.datetime LIKE ?    OR CONCAT('C', LPAD(oc.customer_id, 3, 0)) LIKE ?    OR c.name LIKE ? GROUP BY o.id;] 
2023-07-06 11:29:23,253 [http-nio-8080-exec-1] DEBUG lk.ijse.dep10.pos.JdbcConfig$1 - Executing SQL query [SELECT COUNT(*) FROM item] 
2023-07-06 11:29:23,253 [http-nio-8080-exec-2] DEBUG lk.ijse.dep10.pos.JdbcConfig$1 - Executing SQL query [SELECT COUNT(*) FROM `order`] 
2023-07-06 11:30:02,308 [http-nio-8080-exec-4] DEBUG lk.ijse.dep10.pos.JdbcConfig$1 - Executing SQL query [SELECT COUNT(*) FROM customer] 
2023-07-06 11:30:02,313 [http-nio-8080-exec-5] DEBUG lk.ijse.dep10.pos.JdbcConfig$1 - Executing prepared SQL query 
2023-07-06 11:30:02,314 [http-nio-8080-exec-5] DEBUG lk.ijse.dep10.pos.JdbcConfig$1 - Executing prepared SQL statement [SELECT CONCAT('OD', LPAD(o.id, 3, 0))          as id,        o.datetime,        CONCAT('C', LPAD(oc.customer_id, 3, 0)) as customer_id,        c.name,        SUM(od.qty * od.unit_price)             as total FROM `order` o          LEFT OUTER JOIN order_customer oc ON o.id = oc.order_id          LEFT OUTER JOIN customer c ON oc.customer_id = c.id          INNER JOIN order_detail od ON o.id = od.order_id WHERE CONCAT('OD', LPAD(o.id, 3, 0)) LIKE ?    OR o.datetime LIKE ?    OR CONCAT('C', LPAD(oc.customer_id, 3, 0)) LIKE ?    OR c.name LIKE ? GROUP BY o.id;] 
2023-07-06 11:30:02,315 [http-nio-8080-exec-8] DEBUG lk.ijse.dep10.pos.JdbcConfig$1 - Executing SQL query [SELECT COUNT(*) FROM `order`] 
2023-07-06 11:30:02,327 [http-nio-8080-exec-7] DEBUG lk.ijse.dep10.pos.JdbcConfig$1 - Executing SQL query [SELECT COUNT(*) FROM item] 
2023-07-06 11:42:50,454 [http-nio-8080-exec-2] DEBUG lk.ijse.dep10.pos.JdbcConfig$1 - Executing SQL query [SELECT COUNT(*) FROM item] 
2023-07-06 11:42:50,454 [http-nio-8080-exec-10] DEBUG lk.ijse.dep10.pos.JdbcConfig$1 - Executing SQL query [SELECT COUNT(*) FROM customer] 
2023-07-06 11:42:50,455 [http-nio-8080-exec-5] DEBUG lk.ijse.dep10.pos.JdbcConfig$1 - Executing SQL query [SELECT COUNT(*) FROM `order`] 
2023-07-06 11:42:50,465 [http-nio-8080-exec-8] DEBUG lk.ijse.dep10.pos.JdbcConfig$1 - Executing prepared SQL query 
2023-07-06 11:42:50,465 [http-nio-8080-exec-8] DEBUG lk.ijse.dep10.pos.JdbcConfig$1 - Executing prepared SQL statement [SELECT CONCAT('OD', LPAD(o.id, 3, 0))          as id,        o.datetime,        CONCAT('C', LPAD(oc.customer_id, 3, 0)) as customer_id,        c.name,        SUM(od.qty * od.unit_price)             as total FROM `order` o          LEFT OUTER JOIN order_customer oc ON o.id = oc.order_id          LEFT OUTER JOIN customer c ON oc.customer_id = c.id          INNER JOIN order_detail od ON o.id = od.order_id WHERE CONCAT('OD', LPAD(o.id, 3, 0)) LIKE ?    OR o.datetime LIKE ?    OR CONCAT('C', LPAD(oc.customer_id, 3, 0)) LIKE ?    OR c.name LIKE ? GROUP BY o.id;] 
2023-07-06 11:43:20,932 [http-nio-8080-exec-4] DEBUG lk.ijse.dep10.pos.JdbcConfig$1 - Executing SQL query [SELECT COUNT(*) FROM customer] 
2023-07-06 11:43:20,953 [http-nio-8080-exec-9] DEBUG lk.ijse.dep10.pos.JdbcConfig$1 - Executing SQL query [SELECT COUNT(*) FROM `order`] 
2023-07-06 11:43:20,953 [http-nio-8080-exec-1] DEBUG lk.ijse.dep10.pos.JdbcConfig$1 - Executing prepared SQL query 
2023-07-06 11:43:20,953 [http-nio-8080-exec-1] DEBUG lk.ijse.dep10.pos.JdbcConfig$1 - Executing prepared SQL statement [SELECT CONCAT('OD', LPAD(o.id, 3, 0))          as id,        o.datetime,        CONCAT('C', LPAD(oc.customer_id, 3, 0)) as customer_id,        c.name,        SUM(od.qty * od.unit_price)             as total FROM `order` o          LEFT OUTER JOIN order_customer oc ON o.id = oc.order_id          LEFT OUTER JOIN customer c ON oc.customer_id = c.id          INNER JOIN order_detail od ON o.id = od.order_id WHERE CONCAT('OD', LPAD(o.id, 3, 0)) LIKE ?    OR o.datetime LIKE ?    OR CONCAT('C', LPAD(oc.customer_id, 3, 0)) LIKE ?    OR c.name LIKE ? GROUP BY o.id;] 
2023-07-06 11:43:20,965 [http-nio-8080-exec-7] DEBUG lk.ijse.dep10.pos.JdbcConfig$1 - Executing SQL query [SELECT COUNT(*) FROM item] 
2023-07-06 11:43:34,389 [http-nio-8080-exec-6] DEBUG lk.ijse.dep10.pos.JdbcConfig$1 - Executing SQL query [SELECT COUNT(*) FROM customer] 
2023-07-06 11:43:34,393 [http-nio-8080-exec-3] DEBUG lk.ijse.dep10.pos.JdbcConfig$1 - Executing SQL query [SELECT COUNT(*) FROM item] 
2023-07-06 11:43:34,409 [http-nio-8080-exec-8] DEBUG lk.ijse.dep10.pos.JdbcConfig$1 - Executing SQL query [SELECT COUNT(*) FROM `order`] 
2023-07-06 11:43:34,424 [http-nio-8080-exec-5] DEBUG lk.ijse.dep10.pos.JdbcConfig$1 - Executing prepared SQL query 
2023-07-06 11:43:34,425 [http-nio-8080-exec-5] DEBUG lk.ijse.dep10.pos.JdbcConfig$1 - Executing prepared SQL statement [SELECT CONCAT('OD', LPAD(o.id, 3, 0))          as id,        o.datetime,        CONCAT('C', LPAD(oc.customer_id, 3, 0)) as customer_id,        c.name,        SUM(od.qty * od.unit_price)             as total FROM `order` o          LEFT OUTER JOIN order_customer oc ON o.id = oc.order_id          LEFT OUTER JOIN customer c ON oc.customer_id = c.id          INNER JOIN order_detail od ON o.id = od.order_id WHERE CONCAT('OD', LPAD(o.id, 3, 0)) LIKE ?    OR o.datetime LIKE ?    OR CONCAT('C', LPAD(oc.customer_id, 3, 0)) LIKE ?    OR c.name LIKE ? GROUP BY o.id;] 
2023-07-06 11:43:56,096 [http-nio-8080-exec-2] DEBUG lk.ijse.dep10.pos.JdbcConfig$1 - Executing SQL query [SELECT COUNT(*) FROM customer] 
2023-07-06 11:43:56,106 [http-nio-8080-exec-10] DEBUG lk.ijse.dep10.pos.JdbcConfig$1 - Executing SQL query [SELECT COUNT(*) FROM item] 
2023-07-06 11:43:56,110 [http-nio-8080-exec-1] DEBUG lk.ijse.dep10.pos.JdbcConfig$1 - Executing SQL query [SELECT COUNT(*) FROM `order`] 
2023-07-06 11:43:56,123 [http-nio-8080-exec-4] DEBUG lk.ijse.dep10.pos.JdbcConfig$1 - Executing prepared SQL query 
2023-07-06 11:43:56,123 [http-nio-8080-exec-4] DEBUG lk.ijse.dep10.pos.JdbcConfig$1 - Executing prepared SQL statement [SELECT CONCAT('OD', LPAD(o.id, 3, 0))          as id,        o.datetime,        CONCAT('C', LPAD(oc.customer_id, 3, 0)) as customer_id,        c.name,        SUM(od.qty * od.unit_price)             as total FROM `order` o          LEFT OUTER JOIN order_customer oc ON o.id = oc.order_id          LEFT OUTER JOIN customer c ON oc.customer_id = c.id          INNER JOIN order_detail od ON o.id = od.order_id WHERE CONCAT('OD', LPAD(o.id, 3, 0)) LIKE ?    OR o.datetime LIKE ?    OR CONCAT('C', LPAD(oc.customer_id, 3, 0)) LIKE ?    OR c.name LIKE ? GROUP BY o.id;] 
2023-07-06 11:45:11,327 [http-nio-8080-exec-8] DEBUG lk.ijse.dep10.pos.JdbcConfig$1 - Executing prepared SQL query 
2023-07-06 11:45:11,327 [http-nio-8080-exec-8] DEBUG lk.ijse.dep10.pos.JdbcConfig$1 - Executing prepared SQL statement [SELECT CONCAT('OD', LPAD(o.id, 3, 0))          as id,        o.datetime,        CONCAT('C', LPAD(oc.customer_id, 3, 0)) as customer_id,        c.name,        SUM(od.qty * od.unit_price)             as total FROM `order` o          LEFT OUTER JOIN order_customer oc ON o.id = oc.order_id          LEFT OUTER JOIN customer c ON oc.customer_id = c.id          INNER JOIN order_detail od ON o.id = od.order_id WHERE CONCAT('OD', LPAD(o.id, 3, 0)) LIKE ?    OR o.datetime LIKE ?    OR CONCAT('C', LPAD(oc.customer_id, 3, 0)) LIKE ?    OR c.name LIKE ? GROUP BY o.id;] 
2023-07-06 11:45:32,861 [http-nio-8080-exec-10] DEBUG lk.ijse.dep10.pos.JdbcConfig$1 - Executing prepared SQL query 
2023-07-06 11:45:32,862 [http-nio-8080-exec-10] DEBUG lk.ijse.dep10.pos.JdbcConfig$1 - Executing prepared SQL statement [SELECT CONCAT('OD', LPAD(o.id, 3, 0))          as id,        o.datetime,        CONCAT('C', LPAD(oc.customer_id, 3, 0)) as customer_id,        c.name,        SUM(od.qty * od.unit_price)             as total FROM `order` o          LEFT OUTER JOIN order_customer oc ON o.id = oc.order_id          LEFT OUTER JOIN customer c ON oc.customer_id = c.id          INNER JOIN order_detail od ON o.id = od.order_id WHERE CONCAT('OD', LPAD(o.id, 3, 0)) LIKE ?    OR o.datetime LIKE ?    OR CONCAT('C', LPAD(oc.customer_id, 3, 0)) LIKE ?    OR c.name LIKE ? GROUP BY o.id;] 
2023-07-06 11:45:32,863 [http-nio-8080-exec-2] DEBUG lk.ijse.dep10.pos.JdbcConfig$1 - Executing SQL query [SELECT COUNT(*) FROM `order`] 
2023-07-06 11:45:32,864 [http-nio-8080-exec-5] DEBUG lk.ijse.dep10.pos.JdbcConfig$1 - Executing SQL query [SELECT COUNT(*) FROM customer] 
2023-07-06 11:45:32,864 [http-nio-8080-exec-4] DEBUG lk.ijse.dep10.pos.JdbcConfig$1 - Executing SQL query [SELECT COUNT(*) FROM item] 
2023-07-06 11:45:34,431 [http-nio-8080-exec-1] DEBUG lk.ijse.dep10.pos.JdbcConfig$1 - Executing prepared SQL query 
2023-07-06 11:45:34,432 [http-nio-8080-exec-1] DEBUG lk.ijse.dep10.pos.JdbcConfig$1 - Executing prepared SQL statement [SELECT * FROM customer WHERE id LIKE ? OR name LIKE ? OR address LIKE ? OR contact LIKE ?] 
2023-07-06 11:45:35,813 [http-nio-8080-exec-9] DEBUG lk.ijse.dep10.pos.JdbcConfig$1 - Executing prepared SQL query 
2023-07-06 11:45:35,814 [http-nio-8080-exec-9] DEBUG lk.ijse.dep10.pos.JdbcConfig$1 - Executing prepared SQL statement [SELECT * FROM item WHERE code LIKE ? OR description LIKE ?] 
2023-07-06 11:45:38,365 [http-nio-8080-exec-6] DEBUG lk.ijse.dep10.pos.JdbcConfig$1 - Executing prepared SQL query 
2023-07-06 11:45:38,365 [http-nio-8080-exec-6] DEBUG lk.ijse.dep10.pos.JdbcConfig$1 - Executing prepared SQL statement [SELECT CONCAT('OD', LPAD(o.id, 3, 0))          as id,        o.datetime,        CONCAT('C', LPAD(oc.customer_id, 3, 0)) as customer_id,        c.name,        SUM(od.qty * od.unit_price)             as total FROM `order` o          LEFT OUTER JOIN order_customer oc ON o.id = oc.order_id          LEFT OUTER JOIN customer c ON oc.customer_id = c.id          INNER JOIN order_detail od ON o.id = od.order_id WHERE CONCAT('OD', LPAD(o.id, 3, 0)) LIKE ?    OR o.datetime LIKE ?    OR CONCAT('C', LPAD(oc.customer_id, 3, 0)) LIKE ?    OR c.name LIKE ? GROUP BY o.id;] 
2023-07-06 11:46:25,298 [http-nio-8080-exec-3] DEBUG lk.ijse.dep10.pos.JdbcConfig$1 - Executing prepared SQL query 
2023-07-06 11:46:25,299 [http-nio-8080-exec-3] DEBUG lk.ijse.dep10.pos.JdbcConfig$1 - Executing prepared SQL statement [SELECT * FROM item WHERE code LIKE ? OR description LIKE ?] 
2023-07-06 11:46:27,480 [http-nio-8080-exec-8] DEBUG lk.ijse.dep10.pos.JdbcConfig$1 - Executing prepared SQL query 
2023-07-06 11:46:27,481 [http-nio-8080-exec-8] DEBUG lk.ijse.dep10.pos.JdbcConfig$1 - Executing prepared SQL statement [SELECT * FROM item WHERE code LIKE ? OR description LIKE ?] 
2023-07-06 11:46:28,495 [http-nio-8080-exec-10] DEBUG lk.ijse.dep10.pos.JdbcConfig$1 - Executing prepared SQL query 
2023-07-06 11:46:28,496 [http-nio-8080-exec-10] DEBUG lk.ijse.dep10.pos.JdbcConfig$1 - Executing prepared SQL statement [SELECT * FROM item WHERE code LIKE ? OR description LIKE ?] 
2023-07-06 11:46:30,334 [http-nio-8080-exec-2] DEBUG lk.ijse.dep10.pos.JdbcConfig$1 - Executing prepared SQL query 
2023-07-06 11:46:30,334 [http-nio-8080-exec-2] DEBUG lk.ijse.dep10.pos.JdbcConfig$1 - Executing prepared SQL statement [SELECT * FROM customer WHERE id LIKE ? OR name LIKE ? OR address LIKE ? OR contact LIKE ?] 
2023-07-06 11:46:32,617 [http-nio-8080-exec-5] DEBUG lk.ijse.dep10.pos.JdbcConfig$1 - Executing prepared SQL query 
2023-07-06 11:46:32,617 [http-nio-8080-exec-5] DEBUG lk.ijse.dep10.pos.JdbcConfig$1 - Executing prepared SQL statement [SELECT * FROM customer WHERE id LIKE ? OR name LIKE ? OR address LIKE ? OR contact LIKE ?] 
2023-07-06 11:46:33,463 [http-nio-8080-exec-4] DEBUG lk.ijse.dep10.pos.JdbcConfig$1 - Executing prepared SQL query 
2023-07-06 11:46:33,464 [http-nio-8080-exec-4] DEBUG lk.ijse.dep10.pos.JdbcConfig$1 - Executing prepared SQL statement [SELECT * FROM customer WHERE id LIKE ? OR name LIKE ? OR address LIKE ? OR contact LIKE ?] 
2023-07-06 11:46:34,985 [http-nio-8080-exec-6] DEBUG lk.ijse.dep10.pos.JdbcConfig$1 - Executing prepared SQL query 
2023-07-06 11:46:34,985 [http-nio-8080-exec-6] DEBUG lk.ijse.dep10.pos.JdbcConfig$1 - Executing prepared SQL statement [SELECT CONCAT('OD', LPAD(o.id, 3, 0))          as id,        o.datetime,        CONCAT('C', LPAD(oc.customer_id, 3, 0)) as customer_id,        c.name,        SUM(od.qty * od.unit_price)             as total FROM `order` o          LEFT OUTER JOIN order_customer oc ON o.id = oc.order_id          LEFT OUTER JOIN customer c ON oc.customer_id = c.id          INNER JOIN order_detail od ON o.id = od.order_id WHERE CONCAT('OD', LPAD(o.id, 3, 0)) LIKE ?    OR o.datetime LIKE ?    OR CONCAT('C', LPAD(oc.customer_id, 3, 0)) LIKE ?    OR c.name LIKE ? GROUP BY o.id;] 
2023-07-06 12:03:26,045 [http-nio-8080-exec-2] DEBUG lk.ijse.dep10.pos.JdbcConfig$1 - Executing SQL query [SELECT COUNT(*) FROM `order`] 
2023-07-06 12:03:26,045 [http-nio-8080-exec-5] DEBUG lk.ijse.dep10.pos.JdbcConfig$1 - Executing prepared SQL query 
2023-07-06 12:03:26,046 [http-nio-8080-exec-5] DEBUG lk.ijse.dep10.pos.JdbcConfig$1 - Executing prepared SQL statement [SELECT CONCAT('OD', LPAD(o.id, 3, 0))          as id,        o.datetime,        CONCAT('C', LPAD(oc.customer_id, 3, 0)) as customer_id,        c.name,        SUM(od.qty * od.unit_price)             as total FROM `order` o          LEFT OUTER JOIN order_customer oc ON o.id = oc.order_id          LEFT OUTER JOIN customer c ON oc.customer_id = c.id          INNER JOIN order_detail od ON o.id = od.order_id WHERE CONCAT('OD', LPAD(o.id, 3, 0)) LIKE ?    OR o.datetime LIKE ?    OR CONCAT('C', LPAD(oc.customer_id, 3, 0)) LIKE ?    OR c.name LIKE ? GROUP BY o.id;] 
2023-07-06 12:03:26,058 [http-nio-8080-exec-10] DEBUG lk.ijse.dep10.pos.JdbcConfig$1 - Executing SQL query [SELECT COUNT(*) FROM item] 
2023-07-06 12:03:26,062 [http-nio-8080-exec-8] DEBUG lk.ijse.dep10.pos.JdbcConfig$1 - Executing SQL query [SELECT COUNT(*) FROM customer] 
2023-07-06 12:03:27,756 [http-nio-8080-exec-9] DEBUG lk.ijse.dep10.pos.JdbcConfig$1 - Executing prepared SQL query 
2023-07-06 12:03:27,756 [http-nio-8080-exec-9] DEBUG lk.ijse.dep10.pos.JdbcConfig$1 - Executing prepared SQL statement [SELECT * FROM customer WHERE id LIKE ? OR name LIKE ? OR address LIKE ? OR contact LIKE ?] 
2023-07-06 12:03:28,748 [http-nio-8080-exec-7] DEBUG lk.ijse.dep10.pos.JdbcConfig$1 - Executing prepared SQL query 
2023-07-06 12:03:28,748 [http-nio-8080-exec-7] DEBUG lk.ijse.dep10.pos.JdbcConfig$1 - Executing prepared SQL statement [SELECT * FROM item WHERE code LIKE ? OR description LIKE ?] 
2023-07-06 12:03:31,153 [http-nio-8080-exec-4] DEBUG lk.ijse.dep10.pos.JdbcConfig$1 - Executing prepared SQL query 
2023-07-06 12:03:31,153 [http-nio-8080-exec-4] DEBUG lk.ijse.dep10.pos.JdbcConfig$1 - Executing prepared SQL statement [SELECT CONCAT('OD', LPAD(o.id, 3, 0))          as id,        o.datetime,        CONCAT('C', LPAD(oc.customer_id, 3, 0)) as customer_id,        c.name,        SUM(od.qty * od.unit_price)             as total FROM `order` o          LEFT OUTER JOIN order_customer oc ON o.id = oc.order_id          LEFT OUTER JOIN customer c ON oc.customer_id = c.id          INNER JOIN order_detail od ON o.id = od.order_id WHERE CONCAT('OD', LPAD(o.id, 3, 0)) LIKE ?    OR o.datetime LIKE ?    OR CONCAT('C', LPAD(oc.customer_id, 3, 0)) LIKE ?    OR c.name LIKE ? GROUP BY o.id;] 
2023-07-06 12:06:32,371 [http-nio-8080-exec-10] DEBUG lk.ijse.dep10.pos.JdbcConfig$1 - Executing prepared SQL query 
2023-07-06 12:06:32,371 [http-nio-8080-exec-10] DEBUG lk.ijse.dep10.pos.JdbcConfig$1 - Executing prepared SQL statement [SELECT * FROM customer WHERE id LIKE ? OR name LIKE ? OR address LIKE ? OR contact LIKE ?] 
2023-07-06 12:06:44,322 [http-nio-8080-exec-8] DEBUG lk.ijse.dep10.pos.JdbcConfig$1 - Executing prepared SQL query 
2023-07-06 12:06:44,323 [http-nio-8080-exec-8] DEBUG lk.ijse.dep10.pos.JdbcConfig$1 - Executing prepared SQL statement [SELECT CONCAT('OD', LPAD(o.id, 3, 0))          as id,        o.datetime,        CONCAT('C', LPAD(oc.customer_id, 3, 0)) as customer_id,        c.name,        SUM(od.qty * od.unit_price)             as total FROM `order` o          LEFT OUTER JOIN order_customer oc ON o.id = oc.order_id          LEFT OUTER JOIN customer c ON oc.customer_id = c.id          INNER JOIN order_detail od ON o.id = od.order_id WHERE CONCAT('OD', LPAD(o.id, 3, 0)) LIKE ?    OR o.datetime LIKE ?    OR CONCAT('C', LPAD(oc.customer_id, 3, 0)) LIKE ?    OR c.name LIKE ? GROUP BY o.id;] 
2023-07-06 12:07:00,862 [http-nio-8080-exec-9] DEBUG lk.ijse.dep10.pos.JdbcConfig$1 - Executing prepared SQL query 
2023-07-06 12:07:00,862 [http-nio-8080-exec-9] DEBUG lk.ijse.dep10.pos.JdbcConfig$1 - Executing prepared SQL statement [SELECT * FROM customer WHERE id LIKE ? OR name LIKE ? OR address LIKE ? OR contact LIKE ?] 
2023-07-06 12:07:03,158 [http-nio-8080-exec-7] DEBUG lk.ijse.dep10.pos.JdbcConfig$1 - Executing prepared SQL query 
2023-07-06 12:07:03,158 [http-nio-8080-exec-7] DEBUG lk.ijse.dep10.pos.JdbcConfig$1 - Executing prepared SQL statement [SELECT * FROM customer WHERE id LIKE ? OR name LIKE ? OR address LIKE ? OR contact LIKE ?] 
2023-07-06 12:07:03,544 [http-nio-8080-exec-1] DEBUG lk.ijse.dep10.pos.JdbcConfig$1 - Executing prepared SQL query 
2023-07-06 12:07:03,546 [http-nio-8080-exec-1] DEBUG lk.ijse.dep10.pos.JdbcConfig$1 - Executing prepared SQL statement [SELECT * FROM customer WHERE id LIKE ? OR name LIKE ? OR address LIKE ? OR contact LIKE ?] 
2023-07-06 12:07:10,500 [http-nio-8080-exec-4] DEBUG lk.ijse.dep10.pos.JdbcConfig$1 - Executing prepared SQL query 
2023-07-06 12:07:10,502 [http-nio-8080-exec-4] DEBUG lk.ijse.dep10.pos.JdbcConfig$1 - Executing prepared SQL statement [SELECT * FROM customer WHERE id LIKE ? OR name LIKE ? OR address LIKE ? OR contact LIKE ?] 
2023-07-06 12:07:10,637 [http-nio-8080-exec-6] DEBUG lk.ijse.dep10.pos.JdbcConfig$1 - Executing prepared SQL query 
2023-07-06 12:07:10,637 [http-nio-8080-exec-6] DEBUG lk.ijse.dep10.pos.JdbcConfig$1 - Executing prepared SQL statement [SELECT * FROM customer WHERE id LIKE ? OR name LIKE ? OR address LIKE ? OR contact LIKE ?] 
2023-07-06 12:07:12,913 [http-nio-8080-exec-3] DEBUG lk.ijse.dep10.pos.JdbcConfig$1 - Executing prepared SQL query 
2023-07-06 12:07:12,913 [http-nio-8080-exec-3] DEBUG lk.ijse.dep10.pos.JdbcConfig$1 - Executing prepared SQL statement [SELECT * FROM item WHERE code LIKE ? OR description LIKE ?] 
2023-07-06 12:07:15,196 [http-nio-8080-exec-5] DEBUG lk.ijse.dep10.pos.JdbcConfig$1 - Executing prepared SQL query 
2023-07-06 12:07:15,198 [http-nio-8080-exec-5] DEBUG lk.ijse.dep10.pos.JdbcConfig$1 - Executing prepared SQL statement [SELECT * FROM item WHERE code LIKE ? OR description LIKE ?] 
2023-07-06 12:07:17,397 [http-nio-8080-exec-2] DEBUG lk.ijse.dep10.pos.JdbcConfig$1 - Executing prepared SQL query 
2023-07-06 12:07:17,398 [http-nio-8080-exec-2] DEBUG lk.ijse.dep10.pos.JdbcConfig$1 - Executing prepared SQL statement [SELECT * FROM item WHERE code LIKE ? OR description LIKE ?] 
2023-07-06 12:07:19,491 [http-nio-8080-exec-10] DEBUG lk.ijse.dep10.pos.JdbcConfig$1 - Executing prepared SQL query 
2023-07-06 12:07:19,491 [http-nio-8080-exec-10] DEBUG lk.ijse.dep10.pos.JdbcConfig$1 - Executing prepared SQL statement [SELECT CONCAT('OD', LPAD(o.id, 3, 0))          as id,        o.datetime,        CONCAT('C', LPAD(oc.customer_id, 3, 0)) as customer_id,        c.name,        SUM(od.qty * od.unit_price)             as total FROM `order` o          LEFT OUTER JOIN order_customer oc ON o.id = oc.order_id          LEFT OUTER JOIN customer c ON oc.customer_id = c.id          INNER JOIN order_detail od ON o.id = od.order_id WHERE CONCAT('OD', LPAD(o.id, 3, 0)) LIKE ?    OR o.datetime LIKE ?    OR CONCAT('C', LPAD(oc.customer_id, 3, 0)) LIKE ?    OR c.name LIKE ? GROUP BY o.id;] 
2023-07-06 12:08:34,355 [http-nio-8080-exec-9] DEBUG lk.ijse.dep10.pos.JdbcConfig$1 - Executing prepared SQL query 
2023-07-06 12:08:34,355 [http-nio-8080-exec-9] DEBUG lk.ijse.dep10.pos.JdbcConfig$1 - Executing prepared SQL statement [SELECT CONCAT('OD', LPAD(o.id, 3, 0))          as id,        o.datetime,        CONCAT('C', LPAD(oc.customer_id, 3, 0)) as customer_id,        c.name,        SUM(od.qty * od.unit_price)             as total FROM `order` o          LEFT OUTER JOIN order_customer oc ON o.id = oc.order_id          LEFT OUTER JOIN customer c ON oc.customer_id = c.id          INNER JOIN order_detail od ON o.id = od.order_id WHERE CONCAT('OD', LPAD(o.id, 3, 0)) LIKE ?    OR o.datetime LIKE ?    OR CONCAT('C', LPAD(oc.customer_id, 3, 0)) LIKE ?    OR c.name LIKE ? GROUP BY o.id;] 
2023-07-06 12:09:26,321 [http-nio-8080-exec-7] DEBUG lk.ijse.dep10.pos.JdbcConfig$1 - Executing prepared SQL query 
2023-07-06 12:09:26,321 [http-nio-8080-exec-7] DEBUG lk.ijse.dep10.pos.JdbcConfig$1 - Executing prepared SQL statement [SELECT CONCAT('OD', LPAD(o.id, 3, 0))          as id,        o.datetime,        CONCAT('C', LPAD(oc.customer_id, 3, 0)) as customer_id,        c.name,        SUM(od.qty * od.unit_price)             as total FROM `order` o          LEFT OUTER JOIN order_customer oc ON o.id = oc.order_id          LEFT OUTER JOIN customer c ON oc.customer_id = c.id          INNER JOIN order_detail od ON o.id = od.order_id WHERE CONCAT('OD', LPAD(o.id, 3, 0)) LIKE ?    OR o.datetime LIKE ?    OR CONCAT('C', LPAD(oc.customer_id, 3, 0)) LIKE ?    OR c.name LIKE ? GROUP BY o.id;] 
2023-07-06 12:09:35,899 [http-nio-8080-exec-1] DEBUG lk.ijse.dep10.pos.JdbcConfig$1 - Executing prepared SQL query 
2023-07-06 12:09:35,899 [http-nio-8080-exec-1] DEBUG lk.ijse.dep10.pos.JdbcConfig$1 - Executing prepared SQL statement [SELECT * FROM customer WHERE id LIKE ? OR name LIKE ? OR address LIKE ? OR contact LIKE ?] 
2023-07-06 12:09:41,946 [http-nio-8080-exec-4] DEBUG lk.ijse.dep10.pos.JdbcConfig$1 - Executing prepared SQL query 
2023-07-06 12:09:41,946 [http-nio-8080-exec-4] DEBUG lk.ijse.dep10.pos.JdbcConfig$1 - Executing prepared SQL statement [SELECT * FROM item WHERE code LIKE ? OR description LIKE ?] 
2023-07-06 12:09:50,270 [http-nio-8080-exec-6] DEBUG lk.ijse.dep10.pos.JdbcConfig$1 - Executing prepared SQL query 
2023-07-06 12:09:50,271 [http-nio-8080-exec-6] DEBUG lk.ijse.dep10.pos.JdbcConfig$1 - Executing prepared SQL statement [SELECT * FROM item WHERE code LIKE ? OR description LIKE ?] 
2023-07-06 12:09:50,847 [http-nio-8080-exec-3] DEBUG lk.ijse.dep10.pos.JdbcConfig$1 - Executing prepared SQL query 
2023-07-06 12:09:50,848 [http-nio-8080-exec-3] DEBUG lk.ijse.dep10.pos.JdbcConfig$1 - Executing prepared SQL statement [SELECT * FROM item WHERE code LIKE ? OR description LIKE ?] 
2023-07-06 12:09:51,084 [http-nio-8080-exec-5] DEBUG lk.ijse.dep10.pos.JdbcConfig$1 - Executing prepared SQL query 
2023-07-06 12:09:51,084 [http-nio-8080-exec-5] DEBUG lk.ijse.dep10.pos.JdbcConfig$1 - Executing prepared SQL statement [SELECT * FROM item WHERE code LIKE ? OR description LIKE ?] 
2023-07-06 12:09:52,060 [http-nio-8080-exec-2] DEBUG lk.ijse.dep10.pos.JdbcConfig$1 - Executing prepared SQL query 
2023-07-06 12:09:52,061 [http-nio-8080-exec-2] DEBUG lk.ijse.dep10.pos.JdbcConfig$1 - Executing prepared SQL statement [SELECT * FROM item WHERE code LIKE ? OR description LIKE ?] 
2023-07-06 12:09:52,602 [http-nio-8080-exec-10] DEBUG lk.ijse.dep10.pos.JdbcConfig$1 - Executing prepared SQL query 
2023-07-06 12:09:52,603 [http-nio-8080-exec-10] DEBUG lk.ijse.dep10.pos.JdbcConfig$1 - Executing prepared SQL statement [SELECT * FROM item WHERE code LIKE ? OR description LIKE ?] 
2023-07-06 12:09:52,702 [http-nio-8080-exec-8] DEBUG lk.ijse.dep10.pos.JdbcConfig$1 - Executing prepared SQL query 
2023-07-06 12:09:52,702 [http-nio-8080-exec-8] DEBUG lk.ijse.dep10.pos.JdbcConfig$1 - Executing prepared SQL statement [SELECT * FROM item WHERE code LIKE ? OR description LIKE ?] 
2023-07-06 12:10:16,650 [http-nio-8080-exec-9] DEBUG lk.ijse.dep10.pos.JdbcConfig$1 - Executing prepared SQL query 
2023-07-06 12:10:16,654 [http-nio-8080-exec-9] DEBUG lk.ijse.dep10.pos.JdbcConfig$1 - Executing prepared SQL statement [SELECT * FROM item WHERE code LIKE ? OR description LIKE ?] 
2023-07-06 12:10:16,793 [http-nio-8080-exec-7] DEBUG lk.ijse.dep10.pos.JdbcConfig$1 - Executing prepared SQL query 
2023-07-06 12:10:16,793 [http-nio-8080-exec-7] DEBUG lk.ijse.dep10.pos.JdbcConfig$1 - Executing prepared SQL statement [SELECT * FROM item WHERE code LIKE ? OR description LIKE ?] 
2023-07-06 12:10:16,968 [http-nio-8080-exec-1] DEBUG lk.ijse.dep10.pos.JdbcConfig$1 - Executing prepared SQL query 
2023-07-06 12:10:16,970 [http-nio-8080-exec-1] DEBUG lk.ijse.dep10.pos.JdbcConfig$1 - Executing prepared SQL statement [SELECT * FROM item WHERE code LIKE ? OR description LIKE ?] 
2023-07-06 12:10:17,118 [http-nio-8080-exec-4] DEBUG lk.ijse.dep10.pos.JdbcConfig$1 - Executing prepared SQL query 
2023-07-06 12:10:17,119 [http-nio-8080-exec-4] DEBUG lk.ijse.dep10.pos.JdbcConfig$1 - Executing prepared SQL statement [SELECT * FROM item WHERE code LIKE ? OR description LIKE ?] 
2023-07-06 12:10:19,256 [http-nio-8080-exec-6] DEBUG lk.ijse.dep10.pos.JdbcConfig$1 - Executing prepared SQL query 
2023-07-06 12:10:19,256 [http-nio-8080-exec-6] DEBUG lk.ijse.dep10.pos.JdbcConfig$1 - Executing prepared SQL statement [SELECT CONCAT('OD', LPAD(o.id, 3, 0))          as id,        o.datetime,        CONCAT('C', LPAD(oc.customer_id, 3, 0)) as customer_id,        c.name,        SUM(od.qty * od.unit_price)             as total FROM `order` o          LEFT OUTER JOIN order_customer oc ON o.id = oc.order_id          LEFT OUTER JOIN customer c ON oc.customer_id = c.id          INNER JOIN order_detail od ON o.id = od.order_id WHERE CONCAT('OD', LPAD(o.id, 3, 0)) LIKE ?    OR o.datetime LIKE ?    OR CONCAT('C', LPAD(oc.customer_id, 3, 0)) LIKE ?    OR c.name LIKE ? GROUP BY o.id;] 
2023-07-06 12:25:33,116 [http-nio-8080-exec-5] DEBUG lk.ijse.dep10.pos.JdbcConfig$1 - Executing prepared SQL query 
2023-07-06 12:25:33,116 [http-nio-8080-exec-5] DEBUG lk.ijse.dep10.pos.JdbcConfig$1 - Executing prepared SQL statement [SELECT CONCAT('OD', LPAD(o.id, 3, 0))          as id,        o.datetime,        CONCAT('C', LPAD(oc.customer_id, 3, 0)) as customer_id,        c.name,        SUM(od.qty * od.unit_price)             as total FROM `order` o          LEFT OUTER JOIN order_customer oc ON o.id = oc.order_id          LEFT OUTER JOIN customer c ON oc.customer_id = c.id          INNER JOIN order_detail od ON o.id = od.order_id WHERE CONCAT('OD', LPAD(o.id, 3, 0)) LIKE ?    OR o.datetime LIKE ?    OR CONCAT('C', LPAD(oc.customer_id, 3, 0)) LIKE ?    OR c.name LIKE ? GROUP BY o.id;] 
2023-07-06 12:25:37,561 [http-nio-8080-exec-10] DEBUG lk.ijse.dep10.pos.JdbcConfig$1 - Executing prepared SQL query 
2023-07-06 12:25:37,562 [http-nio-8080-exec-10] DEBUG lk.ijse.dep10.pos.JdbcConfig$1 - Executing prepared SQL statement [SELECT * FROM item WHERE code LIKE ? OR description LIKE ?] 
2023-07-06 12:25:38,760 [http-nio-8080-exec-8] DEBUG lk.ijse.dep10.pos.JdbcConfig$1 - Executing prepared SQL query 
2023-07-06 12:25:38,760 [http-nio-8080-exec-8] DEBUG lk.ijse.dep10.pos.JdbcConfig$1 - Executing prepared SQL statement [SELECT * FROM customer WHERE id LIKE ? OR name LIKE ? OR address LIKE ? OR contact LIKE ?] 
2023-07-06 12:25:40,078 [http-nio-8080-exec-9] DEBUG lk.ijse.dep10.pos.JdbcConfig$1 - Executing SQL query [SELECT COUNT(*) FROM customer] 
2023-07-06 12:25:40,080 [http-nio-8080-exec-7] DEBUG lk.ijse.dep10.pos.JdbcConfig$1 - Executing SQL query [SELECT COUNT(*) FROM item] 
2023-07-06 12:25:40,087 [http-nio-8080-exec-1] DEBUG lk.ijse.dep10.pos.JdbcConfig$1 - Executing SQL query [SELECT COUNT(*) FROM `order`] 
2023-07-06 12:25:40,087 [http-nio-8080-exec-4] DEBUG lk.ijse.dep10.pos.JdbcConfig$1 - Executing prepared SQL query 
2023-07-06 12:25:40,087 [http-nio-8080-exec-4] DEBUG lk.ijse.dep10.pos.JdbcConfig$1 - Executing prepared SQL statement [SELECT CONCAT('OD', LPAD(o.id, 3, 0))          as id,        o.datetime,        CONCAT('C', LPAD(oc.customer_id, 3, 0)) as customer_id,        c.name,        SUM(od.qty * od.unit_price)             as total FROM `order` o          LEFT OUTER JOIN order_customer oc ON o.id = oc.order_id          LEFT OUTER JOIN customer c ON oc.customer_id = c.id          INNER JOIN order_detail od ON o.id = od.order_id WHERE CONCAT('OD', LPAD(o.id, 3, 0)) LIKE ?    OR o.datetime LIKE ?    OR CONCAT('C', LPAD(oc.customer_id, 3, 0)) LIKE ?    OR c.name LIKE ? GROUP BY o.id;] 
2023-07-06 12:25:51,087 [http-nio-8080-exec-6] DEBUG lk.ijse.dep10.pos.JdbcConfig$1 - Executing prepared SQL query 
2023-07-06 12:25:51,087 [http-nio-8080-exec-6] DEBUG lk.ijse.dep10.pos.JdbcConfig$1 - Executing prepared SQL statement [SELECT * FROM customer WHERE id LIKE ? OR name LIKE ? OR address LIKE ? OR contact LIKE ?] 
2023-07-06 12:25:51,717 [http-nio-8080-exec-3] DEBUG lk.ijse.dep10.pos.JdbcConfig$1 - Executing prepared SQL query 
2023-07-06 12:25:51,717 [http-nio-8080-exec-3] DEBUG lk.ijse.dep10.pos.JdbcConfig$1 - Executing prepared SQL statement [SELECT * FROM item WHERE code LIKE ? OR description LIKE ?] 
2023-07-06 12:25:53,032 [http-nio-8080-exec-10] DEBUG lk.ijse.dep10.pos.JdbcConfig$1 - Executing prepared SQL query 
2023-07-06 12:25:53,032 [http-nio-8080-exec-10] DEBUG lk.ijse.dep10.pos.JdbcConfig$1 - Executing prepared SQL statement [SELECT CONCAT('OD', LPAD(o.id, 3, 0))          as id,        o.datetime,        CONCAT('C', LPAD(oc.customer_id, 3, 0)) as customer_id,        c.name,        SUM(od.qty * od.unit_price)             as total FROM `order` o          LEFT OUTER JOIN order_customer oc ON o.id = oc.order_id          LEFT OUTER JOIN customer c ON oc.customer_id = c.id          INNER JOIN order_detail od ON o.id = od.order_id WHERE CONCAT('OD', LPAD(o.id, 3, 0)) LIKE ?    OR o.datetime LIKE ?    OR CONCAT('C', LPAD(oc.customer_id, 3, 0)) LIKE ?    OR c.name LIKE ? GROUP BY o.id;] 
2023-07-06 12:26:01,542 [http-nio-8080-exec-1] DEBUG lk.ijse.dep10.pos.JdbcConfig$1 - Executing prepared SQL query 
2023-07-06 12:26:01,542 [http-nio-8080-exec-1] DEBUG lk.ijse.dep10.pos.JdbcConfig$1 - Executing prepared SQL statement [SELECT * FROM item WHERE code LIKE ? OR description LIKE ?] 
2023-07-06 12:26:02,376 [http-nio-8080-exec-7] DEBUG lk.ijse.dep10.pos.JdbcConfig$1 - Executing prepared SQL query 
2023-07-06 12:26:02,376 [http-nio-8080-exec-7] DEBUG lk.ijse.dep10.pos.JdbcConfig$1 - Executing prepared SQL statement [SELECT * FROM customer WHERE id LIKE ? OR name LIKE ? OR address LIKE ? OR contact LIKE ?] 
2023-07-06 12:26:04,185 [http-nio-8080-exec-6] DEBUG lk.ijse.dep10.pos.JdbcConfig$1 - Executing SQL query [SELECT COUNT(*) FROM `order`] 
2023-07-06 12:26:04,185 [http-nio-8080-exec-5] DEBUG lk.ijse.dep10.pos.JdbcConfig$1 - Executing prepared SQL query 
2023-07-06 12:26:04,186 [http-nio-8080-exec-5] DEBUG lk.ijse.dep10.pos.JdbcConfig$1 - Executing prepared SQL statement [SELECT CONCAT('OD', LPAD(o.id, 3, 0))          as id,        o.datetime,        CONCAT('C', LPAD(oc.customer_id, 3, 0)) as customer_id,        c.name,        SUM(od.qty * od.unit_price)             as total FROM `order` o          LEFT OUTER JOIN order_customer oc ON o.id = oc.order_id          LEFT OUTER JOIN customer c ON oc.customer_id = c.id          INNER JOIN order_detail od ON o.id = od.order_id WHERE CONCAT('OD', LPAD(o.id, 3, 0)) LIKE ?    OR o.datetime LIKE ?    OR CONCAT('C', LPAD(oc.customer_id, 3, 0)) LIKE ?    OR c.name LIKE ? GROUP BY o.id;] 
2023-07-06 12:26:04,186 [http-nio-8080-exec-3] DEBUG lk.ijse.dep10.pos.JdbcConfig$1 - Executing SQL query [SELECT COUNT(*) FROM item] 
2023-07-06 12:26:04,191 [http-nio-8080-exec-9] DEBUG lk.ijse.dep10.pos.JdbcConfig$1 - Executing SQL query [SELECT COUNT(*) FROM customer] 
2023-07-06 12:26:07,539 [http-nio-8080-exec-2] DEBUG lk.ijse.dep10.pos.JdbcConfig$1 - Executing prepared SQL query 
2023-07-06 12:26:07,539 [http-nio-8080-exec-2] DEBUG lk.ijse.dep10.pos.JdbcConfig$1 - Executing prepared SQL statement [SELECT CONCAT('OD', LPAD(o.id, 3, 0))          as id,        o.datetime,        CONCAT('C', LPAD(oc.customer_id, 3, 0)) as customer_id,        c.name,        SUM(od.qty * od.unit_price)             as total FROM `order` o          LEFT OUTER JOIN order_customer oc ON o.id = oc.order_id          LEFT OUTER JOIN customer c ON oc.customer_id = c.id          INNER JOIN order_detail od ON o.id = od.order_id WHERE CONCAT('OD', LPAD(o.id, 3, 0)) LIKE ?    OR o.datetime LIKE ?    OR CONCAT('C', LPAD(oc.customer_id, 3, 0)) LIKE ?    OR c.name LIKE ? GROUP BY o.id;] 
2023-07-06 12:26:29,643 [SpringApplicationShutdownHook] INFO  com.zaxxer.hikari.HikariDataSource - HikariPool-1 - Shutdown initiated... 
2023-07-06 12:26:29,654 [SpringApplicationShutdownHook] INFO  com.zaxxer.hikari.HikariDataSource - HikariPool-1 - Shutdown completed. 
